[    0.000000] Linux version 4.15.0-33-generic (buildd@lcy01-amd64-024) (gcc version 7.3.0 (Ubuntu 7.3.0-16ubuntu3)) #36-Ubuntu SMP Wed Aug 15 16:00:05 UTC 2018 (Ubuntu 4.15.0-33.36-generic 4.15.18)
[    0.000000] Command line: BOOT_IMAGE=/boot/vmlinuz-4.15.0-33-generic root=UUID=a8b13468-82b2-4341-bb8c-8827f28986f9 ro console=tty1 console=ttyS0
[    0.000000] KERNEL supported cpus:
[    0.000000]   Intel GenuineIntel
[    0.000000]   AMD AuthenticAMD
[    0.000000]   Centaur CentaurHauls
[    0.000000] x86/fpu: Supporting XSAVE feature 0x001: 'x87 floating point registers'
[    0.000000] x86/fpu: Supporting XSAVE feature 0x002: 'SSE registers'
[    0.000000] x86/fpu: Supporting XSAVE feature 0x004: 'AVX registers'
[    0.000000] x86/fpu: xstate_offset[2]:  576, xstate_sizes[2]:  256
[    0.000000] x86/fpu: Enabled xstate features 0x7, context size is 832 bytes, using 'standard' format.
[    0.000000] e820: BIOS-provided physical RAM map:
[    0.000000] BIOS-e820: [mem 0x0000000000000000-0x000000000009fbff] usable
[    0.000000] BIOS-e820: [mem 0x000000000009fc00-0x000000000009ffff] reserved
[    0.000000] BIOS-e820: [mem 0x00000000000f0000-0x00000000000fffff] reserved
[    0.000000] BIOS-e820: [mem 0x0000000000100000-0x000000003ffeffff] usable
[    0.000000] BIOS-e820: [mem 0x000000003fff0000-0x000000003fffffff] ACPI data
[    0.000000] BIOS-e820: [mem 0x00000000fec00000-0x00000000fec00fff] reserved
[    0.000000] BIOS-e820: [mem 0x00000000fee00000-0x00000000fee00fff] reserved
[    0.000000] BIOS-e820: [mem 0x00000000fffc0000-0x00000000ffffffff] reserved
[    0.000000] NX (Execute Disable) protection: active
[    0.000000] SMBIOS 2.5 present.
[    0.000000] DMI: innotek GmbH VirtualBox/VirtualBox, BIOS VirtualBox 12/01/2006
[    0.000000] Hypervisor detected: KVM
[    0.000000] e820: last_pfn = 0x3fff0 max_arch_pfn = 0x400000000
[    0.000000] MTRR: Disabled
[    0.000000] x86/PAT: MTRRs disabled, skipping PAT initialization too.
[    0.000000] CPU MTRRs all blank - virtualized system.
[    0.000000] x86/PAT: Configuration [0-7]: WB  WT  UC- UC  WB  WT  UC- UC  
[    0.000000] found SMP MP-table at [mem 0x0009fff0-0x0009ffff] mapped at [        (ptrval)]
[    0.000000] Scanning 1 areas for low memory corruption
[    0.000000] RAMDISK: [mem 0x35165000-0x368a9fff]
[    0.000000] ACPI: Early table checksum verification disabled
[    0.000000] ACPI: RSDP 0x00000000000E0000 000024 (v02 VBOX  )
[    0.000000] ACPI: XSDT 0x000000003FFF0030 00003C (v01 VBOX   VBOXXSDT 00000001 ASL  00000061)
[    0.000000] ACPI: FACP 0x000000003FFF00F0 0000F4 (v04 VBOX   VBOXFACP 00000001 ASL  00000061)
[    0.000000] ACPI: DSDT 0x000000003FFF0470 0021FF (v02 VBOX   VBOXBIOS 00000002 INTL 20180629)
[    0.000000] ACPI: FACS 0x000000003FFF0200 000040
[    0.000000] ACPI: FACS 0x000000003FFF0200 000040
[    0.000000] ACPI: APIC 0x000000003FFF0240 000054 (v02 VBOX   VBOXAPIC 00000001 ASL  00000061)
[    0.000000] ACPI: SSDT 0x000000003FFF02A0 0001CC (v01 VBOX   VBOXCPUT 00000002 INTL 20180629)
[    0.000000] No NUMA configuration found
[    0.000000] Faking a node at [mem 0x0000000000000000-0x000000003ffeffff]
[    0.000000] NODE_DATA(0) allocated [mem 0x3ffc5000-0x3ffeffff]
[    0.000000] kvm-clock: cpu 0, msr 0:3ff44001, primary cpu clock
[    0.000000] kvm-clock: Using msrs 4b564d01 and 4b564d00
[    0.000000] kvm-clock: using sched offset of 2771317367 cycles
[    0.000000] clocksource: kvm-clock: mask: 0xffffffffffffffff max_cycles: 0x1cd42e4dffb, max_idle_ns: 881590591483 ns
[    0.000000] Zone ranges:
[    0.000000]   DMA      [mem 0x0000000000001000-0x0000000000ffffff]
[    0.000000]   DMA32    [mem 0x0000000001000000-0x000000003ffeffff]
[    0.000000]   Normal   empty
[    0.000000]   Device   empty
[    0.000000] Movable zone start for each node
[    0.000000] Early memory node ranges
[    0.000000]   node   0: [mem 0x0000000000001000-0x000000000009efff]
[    0.000000]   node   0: [mem 0x0000000000100000-0x000000003ffeffff]
[    0.000000] Initmem setup node 0 [mem 0x0000000000001000-0x000000003ffeffff]
[    0.000000] Reserved but unavailable: 98 pages
[    0.000000] ACPI: PM-Timer IO Port: 0x4008
[    0.000000] IOAPIC[0]: apic_id 1, version 32, address 0xfec00000, GSI 0-23
[    0.000000] ACPI: INT_SRC_OVR (bus 0 bus_irq 0 global_irq 2 dfl dfl)
[    0.000000] ACPI: INT_SRC_OVR (bus 0 bus_irq 9 global_irq 9 low level)
[    0.000000] Using ACPI (MADT) for SMP configuration information
[    0.000000] smpboot: Allowing 1 CPUs, 0 hotplug CPUs
[    0.000000] PM: Registered nosave memory: [mem 0x00000000-0x00000fff]
[    0.000000] PM: Registered nosave memory: [mem 0x0009f000-0x0009ffff]
[    0.000000] PM: Registered nosave memory: [mem 0x000a0000-0x000effff]
[    0.000000] PM: Registered nosave memory: [mem 0x000f0000-0x000fffff]
[    0.000000] e820: [mem 0x40000000-0xfebfffff] available for PCI devices
[    0.000000] Booting paravirtualized kernel on KVM
[    0.000000] clocksource: refined-jiffies: mask: 0xffffffff max_cycles: 0xffffffff, max_idle_ns: 7645519600211568 ns
[    0.000000] random: get_random_bytes called from start_kernel+0x99/0x4fd with crng_init=0
[    0.000000] setup_percpu: NR_CPUS:8192 nr_cpumask_bits:1 nr_cpu_ids:1 nr_node_ids:1
[    0.000000] percpu: Embedded 46 pages/cpu @        (ptrval) s151552 r8192 d28672 u2097152
[    0.000000] PV qspinlock hash table entries: 256 (order: 0, 4096 bytes)
[    0.000000] Built 1 zonelists, mobility grouping on.  Total pages: 257913
[    0.000000] Policy zone: DMA32
[    0.000000] Kernel command line: BOOT_IMAGE=/boot/vmlinuz-4.15.0-33-generic root=UUID=a8b13468-82b2-4341-bb8c-8827f28986f9 ro console=tty1 console=ttyS0
[    0.000000] Memory: 978940K/1048120K available (12300K kernel code, 2470K rwdata, 4244K rodata, 2408K init, 2416K bss, 69180K reserved, 0K cma-reserved)
[    0.000000] SLUB: HWalign=64, Order=0-3, MinObjects=0, CPUs=1, Nodes=1
[    0.000000] Kernel/User page tables isolation: enabled
[    0.000000] ftrace: allocating 39121 entries in 153 pages
[    0.004000] Hierarchical RCU implementation.
[    0.004000] 	RCU restricting CPUs from NR_CPUS=8192 to nr_cpu_ids=1.
[    0.004000] 	Tasks RCU enabled.
[    0.004000] RCU: Adjusting geometry for rcu_fanout_leaf=16, nr_cpu_ids=1
[    0.004000] NR_IRQS: 524544, nr_irqs: 256, preallocated irqs: 16
[    0.004000] Console: colour VGA+ 80x25
[    0.004000] console [tty1] enabled
[    0.004000] console [ttyS0] enabled
[    0.004000] ACPI: Core revision 20170831
[    0.004000] ACPI: 2 ACPI AML tables successfully acquired and loaded
[    0.004000] APIC: Switch to symmetric I/O mode setup
[    0.004000] x2apic enabled
[    0.004009] Switched APIC routing to physical x2apic.
[    0.006710] ..TIMER: vector=0x30 apic1=0 pin1=2 apic2=-1 pin2=-1
[    0.008007] tsc: Detected 2196.818 MHz processor
[    0.009118] Calibrating delay loop (skipped) preset value.. 4393.63 BogoMIPS (lpj=8787272)
[    0.010067] pid_max: default: 32768 minimum: 301
[    0.012062] Security Framework initialized
[    0.013050] Yama: becoming mindful.
[    0.013989] AppArmor: AppArmor initialized
[    0.016065] Dentry cache hash table entries: 131072 (order: 8, 1048576 bytes)
[    0.017790] Inode-cache hash table entries: 65536 (order: 7, 524288 bytes)
[    0.020040] Mount-cache hash table entries: 2048 (order: 2, 16384 bytes)
[    0.021638] Mountpoint-cache hash table entries: 2048 (order: 2, 16384 bytes)
[    0.024369] mce: CPU supports 0 MCE banks
[    0.028025] process: using mwait in idle threads
[    0.029197] Last level iTLB entries: 4KB 64, 2MB 8, 4MB 8
[    0.030485] Last level dTLB entries: 4KB 64, 2MB 0, 4MB 0, 1GB 4
[    0.032007] Spectre V2 : Mitigation: Full generic retpoline
[    0.033337] Speculative Store Bypass: Vulnerable
[    0.052734] Freeing SMP alternatives memory: 36K
[    0.060000] smpboot: CPU0: Intel(R) Core(TM) i5-5200U CPU @ 2.20GHz (family: 0x6, model: 0x3d, stepping: 0x4)
[    0.060119] Performance Events: unsupported p6 CPU model 61 no PMU driver, software events only.
[    0.064055] Hierarchical SRCU implementation.
[    0.068833] NMI watchdog: Perf event create on CPU 0 failed with -2
[    0.072016] NMI watchdog: Perf NMI watchdog permanently disabled
[    0.076112] smp: Bringing up secondary CPUs ...
[    0.080011] smp: Brought up 1 node, 1 CPU
[    0.081038] smpboot: Max logical packages: 1
[    0.082105] smpboot: Total of 1 processors activated (4393.63 BogoMIPS)
[    0.084231] devtmpfs: initialized
[    0.085210] x86/mm: Memory block size: 128MB
[    0.086737] evm: security.selinux
[    0.088012] evm: security.SMACK64
[    0.088829] evm: security.SMACK64EXEC
[    0.089777] evm: security.SMACK64TRANSMUTE
[    0.090842] evm: security.SMACK64MMAP
[    0.092007] evm: security.apparmor
[    0.092890] evm: security.ima
[    0.093691] evm: security.capability
[    0.094832] clocksource: jiffies: mask: 0xffffffff max_cycles: 0xffffffff, max_idle_ns: 7645041785100000 ns
[    0.096036] futex hash table entries: 256 (order: 2, 16384 bytes)
[    0.097666] pinctrl core: initialized pinctrl subsystem
[    0.100219] RTC time: 20:45:58, date: 09/27/18
[    0.104159] NET: Registered protocol family 16
[    0.105288] audit: initializing netlink subsys (disabled)
[    0.106615] cpuidle: using governor ladder
[    0.108007] cpuidle: using governor menu
[    0.112019] audit: type=2000 audit(1538081162.123:1): state=initialized audit_enabled=0 res=1
[    0.113996] ACPI: bus type PCI registered
[    0.116007] acpiphp: ACPI Hot Plug PCI Controller Driver version: 0.5
[    0.120157] PCI: Using configuration type 1 for base access
[    0.123235] HugeTLB registered 2.00 MiB page size, pre-allocated 0 pages
[    0.125182] ACPI: Added _OSI(Module Device)
[    0.126301] ACPI: Added _OSI(Processor Device)
[    0.127384] ACPI: Added _OSI(3.0 _SCP Extensions)
[    0.128010] ACPI: Added _OSI(Processor Aggregator Device)
[    0.129265] ACPI: Added _OSI(Linux-Dell-Video)
[    0.130779] ACPI: Executed 1 blocks of module-level executable AML code
[    0.137491] ACPI: Interpreter enabled
[    0.140033] ACPI: (supports S0 S5)
[    0.144005] ACPI: Using IOAPIC for interrupt routing
[    0.146220] PCI: Using host bridge windows from ACPI; if necessary, use "pci=nocrs" and report a bug
[    0.148205] ACPI: Enabled 2 GPEs in block 00 to 07
[    0.160895] ACPI: PCI Root Bridge [PCI0] (domain 0000 [bus 00-ff])
[    0.164021] acpi PNP0A03:00: _OSC: OS supports [ASPM ClockPM Segments MSI]
[    0.165520] acpi PNP0A03:00: _OSC: not requesting OS control; OS requires [ExtendedConfig ASPM ClockPM MSI]
[    0.167579] acpi PNP0A03:00: fail to add MMCONFIG information, can't access extended PCI configuration space under this bridge.
[    0.168755] PCI host bridge to bus 0000:00
[    0.169736] pci_bus 0000:00: root bus resource [io  0x0000-0x0cf7 window]
[    0.172012] pci_bus 0000:00: root bus resource [io  0x0d00-0xffff window]
[    0.176008] pci_bus 0000:00: root bus resource [mem 0x000a0000-0x000bffff window]
[    0.177307] pci_bus 0000:00: root bus resource [mem 0x40000000-0xfdffffff window]
[    0.180013] pci_bus 0000:00: root bus resource [bus 00-ff]
[    0.182960] pci 0000:00:01.1: legacy IDE quirk: reg 0x10: [io  0x01f0-0x01f7]
[    0.184012] pci 0000:00:01.1: legacy IDE quirk: reg 0x14: [io  0x03f6]
[    0.185560] pci 0000:00:01.1: legacy IDE quirk: reg 0x18: [io  0x0170-0x0177]
[    0.188023] pci 0000:00:01.1: legacy IDE quirk: reg 0x1c: [io  0x0376]
[    0.215027] pci 0000:00:07.0: quirk: [io  0x4000-0x403f] claimed by PIIX4 ACPI
[    0.216049] pci 0000:00:07.0: quirk: [io  0x4100-0x410f] claimed by PIIX4 SMB
[    0.227227] ACPI: PCI Interrupt Link [LNKA] (IRQs 5 9 10 *11)
[    0.232128] ACPI: PCI Interrupt Link [LNKB] (IRQs 5 9 *10 11)
[    0.233793] ACPI: PCI Interrupt Link [LNKC] (IRQs 5 *9 10 11)
[    0.236179] ACPI: PCI Interrupt Link [LNKD] (IRQs 5 9 10 *11)
[    0.240575] SCSI subsystem initialized
[    0.244223] pci 0000:00:02.0: vgaarb: setting as boot VGA device
[    0.245679] pci 0000:00:02.0: vgaarb: VGA device added: decodes=io+mem,owns=io+mem,locks=none
[    0.248011] pci 0000:00:02.0: vgaarb: bridge control possible
[    0.249387] vgaarb: loaded
[    0.252079] ACPI: bus type USB registered
[    0.253162] usbcore: registered new interface driver usbfs
[    0.254503] usbcore: registered new interface driver hub
[    0.255798] usbcore: registered new device driver usb
[    0.256120] EDAC MC: Ver: 3.0.0
[    0.257428] PCI: Using ACPI for IRQ routing
[    0.258857] NetLabel: Initializing
[    0.260008] NetLabel:  domain hash size = 128
[    0.264008] NetLabel:  protocols = UNLABELED CIPSOv4 CALIPSO
[    0.265405] NetLabel:  unlabeled traffic allowed by default
[    0.266942] clocksource: Switched to clocksource kvm-clock
[    0.278593] VFS: Disk quotas dquot_6.6.0
[    0.281380] VFS: Dquot-cache hash table entries: 512 (order 0, 4096 bytes)
[    0.283210] AppArmor: AppArmor Filesystem Enabled
[    0.284478] pnp: PnP ACPI init
[    0.287095] pnp: PnP ACPI: found 3 devices
[    0.316922] clocksource: acpi_pm: mask: 0xffffff max_cycles: 0xffffff, max_idle_ns: 2085701024 ns
[    0.335653] NET: Registered protocol family 2
[    0.336704] TCP established hash table entries: 8192 (order: 4, 65536 bytes)
[    0.337932] TCP bind hash table entries: 8192 (order: 5, 131072 bytes)
[    0.339345] TCP: Hash tables configured (established 8192 bind 8192)
[    0.341513] UDP hash table entries: 512 (order: 2, 16384 bytes)
[    0.364917] UDP-Lite hash table entries: 512 (order: 2, 16384 bytes)
[    0.374847] NET: Registered protocol family 1
[    0.390879] pci 0000:00:00.0: Limiting direct PCI/PCI transfers
[    0.393256] pci 0000:00:01.0: Activating ISA DMA hang workarounds
[    0.405495] pci 0000:00:02.0: Video device with shadowed ROM at [mem 0x000c0000-0x000dffff]
[    0.407366] Unpacking initramfs...
[    0.776343] Freeing initrd memory: 23828K
[    0.785109] platform rtc_cmos: registered platform RTC device (no PNP device found)
[    0.786523] Scanning for low memory corruption every 60 seconds
[    0.805587] Initialise system trusted keyrings
[    0.806466] Key type blacklist registered
[    0.809630] workingset: timestamp_bits=36 max_order=18 bucket_order=0
[    0.835887] zbud: loaded
[    0.845215] squashfs: version 4.0 (2009/01/31) Phillip Lougher
[    0.846406] fuse init (API version 7.26)
[    0.850681] Key type asymmetric registered
[    0.853404] Asymmetric key parser 'x509' registered
[    0.854828] Block layer SCSI generic (bsg) driver version 0.4 loaded (major 246)
[    0.895661] io scheduler noop registered
[    0.896577] io scheduler deadline registered
[    0.897630] io scheduler cfq registered (default)
[    0.898925] ACPI: AC Adapter [AC] (on-line)
[    0.899914] input: Power Button as /devices/LNXSYSTM:00/LNXPWRBN:00/input/input0
[    0.901555] ACPI: Power Button [PWRF]
[    0.902443] input: Sleep Button as /devices/LNXSYSTM:00/LNXSLPBN:00/input/input1
[    0.904026] ACPI: Sleep Button [SLPF]
[    0.946386] ACPI: Battery Slot [BAT0] (battery present)
[    0.981025] Serial: 8250/16550 driver, 32 ports, IRQ sharing enabled
[    1.023411] 00:02: ttyS0 at I/O 0x3f8 (irq = 4, base_baud = 115200) is a 16550A
[    1.038280] Linux agpgart interface v0.103
[    1.076345] loop: module loaded
[    1.091899] scsi host0: ata_piix
[    1.092842] scsi host1: ata_piix
[    1.093524] ata1: PATA max UDMA/33 cmd 0x1f0 ctl 0x3f6 bmdma 0xd000 irq 14
[    1.095258] ata2: PATA max UDMA/33 cmd 0x170 ctl 0x376 bmdma 0xd008 irq 15
[    1.097611] libphy: Fixed MDIO Bus: probed
[    1.098428] tun: Universal TUN/TAP device driver, 1.6
[    1.100946] PPP generic driver version 2.4.2
[    1.105017] ehci_hcd: USB 2.0 'Enhanced' Host Controller (EHCI) Driver
[    1.106433] ehci-pci: EHCI PCI platform driver
[    1.124825] ehci-platform: EHCI generic platform driver
[    1.127806] ohci_hcd: USB 1.1 'Open' Host Controller (OHCI) Driver
[    1.128909] ohci-pci: OHCI PCI platform driver
[    1.129735] ohci-platform: OHCI generic platform driver
[    1.130668] uhci_hcd: USB Universal Host Controller Interface driver
[    1.131806] i8042: PNP: PS/2 Controller [PNP0303:PS2K,PNP0f03:PS2M] at 0x60,0x64 irq 1,12
[    1.156186] serio: i8042 KBD port at 0x60,0x64 irq 1
[    1.157503] serio: i8042 AUX port at 0x60,0x64 irq 12
[    1.158975] mousedev: PS/2 mouse device common for all mice
[    1.171414] input: AT Translated Set 2 keyboard as /devices/platform/i8042/serio0/input/input2
[    1.174055] rtc_cmos rtc_cmos: rtc core: registered rtc_cmos as rtc0
[    1.185652] rtc_cmos rtc_cmos: alarms up to one day, 114 bytes nvram
[    1.187226] i2c /dev entries driver
[    1.188235] device-mapper: uevent: version 1.0.3
[    1.189532] device-mapper: ioctl: 4.37.0-ioctl (2017-09-20) initialised: dm-devel@redhat.com
[    1.191531] ledtrig-cpu: registered to indicate activity on CPUs
[    1.205987] NET: Registered protocol family 10
[    1.211241] Segment Routing with IPv6
[    1.212695] NET: Registered protocol family 17
[    1.213783] Key type dns_resolver registered
[    1.234910] RAS: Correctable Errors collector initialized.
[    1.245276] sched_clock: Marking stable (1245206215, 0)->(2099445361, -854239146)
[    1.247400] registered taskstats version 1
[    1.248481] Loading compiled-in X.509 certificates
[    1.252483] Loaded X.509 cert 'Build time autogenerated kernel key: b2b2adbda3eef7b219e699c1b87c022096150517'
[    1.275255] zswap: loaded using pool lzo/zbud
[    1.280570] Key type big_key registered
[    1.281622] Key type trusted registered
[    1.284261] Key type encrypted registered
[    1.285214] AppArmor: AppArmor sha1 policy hashing enabled
[    1.286386] ima: No TPM chip found, activating TPM-bypass! (rc=-19)
[    1.305135] evm: HMAC attrs: 0x1
[    1.306168]   Magic number: 2:407:802
[    1.307092] rtc_cmos rtc_cmos: setting system clock to 2018-09-27 20:45:59 UTC (1538081159)
[    1.324955] BIOS EDD facility v0.16 2004-Jun-25, 0 devices found
[    1.326284] EDD information not available.
[    1.333433] Freeing unused kernel memory: 2408K
[    1.360103] Write protecting the kernel read-only data: 20480k
[    1.366239] Freeing unused kernel memory: 2008K
[    1.377838] Freeing unused kernel memory: 1900K
[    1.481013] x86/mm: Checked W+X mappings: passed, no W+X pages found.
[    1.485691] x86/mm: Checking user space page tables
[    1.493435] x86/mm: Checked W+X mappings: passed, no W+X pages found.
Loading, please wait...
starting version 237
[    1.658453] e1000: Intel(R) PRO/1000 Network Driver - version 7.3.21-k8-NAPI
[    1.685709] e1000: Copyright (c) 1999-2006 Intel Corporation.
[    1.690509] Fusion MPT base driver 3.04.20
[    1.691646] Copyright (c) 1999-2008 LSI Corporation
[    1.726460] AVX2 version of gcm_enc/dec engaged.
[    1.745272] AES CTR mode by8 optimization enabled
[    1.753341] Fusion MPT SPI Host driver 3.04.20
[    1.845056] tsc: Refined TSC clocksource calibration: 2196.821 MHz
[    1.846528] clocksource: tsc: mask: 0xffffffffffffffff max_cycles: 0x1faa77c7738, max_idle_ns: 440795287426 ns
[    1.903614] input: ImExPS/2 Generic Explorer Mouse as /devices/platform/i8042/serio1/input/input4
[    2.307695] e1000 0000:00:03.0 eth0: (PCI:33MHz:32-bit) 02:31:bc:f6:46:dd
[    2.326869] e1000 0000:00:03.0 eth0: Intel(R) PRO/1000 Network Connection
[    2.329990] e1000 0000:00:03.0 enp0s3: renamed from eth0
[    2.352694] mptbase: ioc0: Initiating bringup
[    2.468795] ioc0: LSI53C1030 A0: Capabilities={Initiator}
[    2.715303] scsi host2: ioc0: LSI53C1030 A0, FwRev=00000000h, Ports=1, MaxQ=256, IRQ=20
[    2.889757] scsi 2:0:0:0: Direct-Access     VBOX     HARDDISK         1.0  PQ: 0 ANSI: 5
[    2.905677] scsi target2:0:0: Beginning Domain Validation
[    2.907657] random: fast init done
[    2.915531] scsi target2:0:0: Domain Validation skipping write tests
[    2.955133] scsi target2:0:0: Ending Domain Validation
[    2.956122] scsi target2:0:0: asynchronous
[    2.957516] scsi 2:0:1:0: Direct-Access     VBOX     HARDDISK         1.0  PQ: 0 ANSI: 5
[    2.959303] scsi target2:0:1: Beginning Domain Validation
[    2.961341] scsi target2:0:1: Domain Validation skipping write tests
[    2.962707] scsi target2:0:1: Ending Domain Validation
[    2.965276] scsi target2:0:1: asynchronous
[    2.969929] random: systemd-udevd: uninitialized urandom read (16 bytes read)
[    2.971219] random: systemd-udevd: uninitialized urandom read (16 bytes read)
[    2.972446] random: systemd-udevd: uninitialized urandom read (16 bytes read)
[    2.974157] sd 2:0:0:0: Attached scsi generic sg0 type 0
[    3.044939] sd 2:0:0:0: [sda] 83886080 512-byte logical blocks: (42.9 GB/40.0 GiB)
[    3.053016] sd 2:0:0:0: [sda] Write Protect is off
[    3.054510] sd 2:0:0:0: [sda] Incomplete mode parameter data
[    3.056456] sd 2:0:0:0: [sda] Assuming drive cache: write through
[    3.062448] sd 2:0:1:0: [sdb] 20480 512-byte logical blocks: (10.5 MB/10.0 MiB)
[    3.064664] sd 2:0:1:0: [sdb] Write Protect is off
[    3.091573] sd 2:0:1:0: Attached scsi generic sg1 type 0
[    3.105668] sd 2:0:1:0: [sdb] Incomplete mode parameter data
[    3.134338] sd 2:0:1:0: [sdb] Assuming drive cache: write through
[    3.159970]  sda: sda1
[    3.187507] sd 2:0:1:0: [sdb] Attached SCSI disk
[    3.198588] sd 2:0:0:0: [sda] Attached SCSI disk
Begin: Loading essential drivers ... [    4.753737] raid6: sse2x1   gen()  8317 MB/s
[    4.814186] raid6: sse2x1   xor()  6132 MB/s
[    4.864177] raid6: sse2x2   gen()  9430 MB/s
[    4.924190] raid6: sse2x2   xor()  6293 MB/s
[    4.994152] raid6: sse2x4   gen() 12231 MB/s
[    5.044186] raid6: sse2x4   xor()  6449 MB/s
[    5.104217] raid6: avx2x1   gen() 18659 MB/s
[    5.157092] raid6: avx2x1   xor() 10753 MB/s
[    5.214181] raid6: avx2x2   gen() 20031 MB/s
[    5.274187] raid6: avx2x2   xor() 12927 MB/s
[    5.340414] raid6: avx2x4   gen() 18678 MB/s
[    5.423734] raid6: avx2x4   xor()  8690 MB/s
[    5.424601] raid6: using algorithm avx2x2 gen() 20031 MB/s
[    5.425526] raid6: .... xor() 12927 MB/s, rmw enabled
[    5.426384] raid6: using avx2x2 recovery algorithm
[    5.430238] xor: automatically using best checksumming function   avx       
[    5.457412] async_tx: api initialized (async)
done.
Begin: Running /scripts/init-premount ... done.
Begin: Mounting root file syst[    5.527932] Btrfs loaded, crc32c=crc32c-intel
em ... Begin: Running /scripts/local-top ... done.
Begin: Running /scripts/local-premount ... Scanning for Btrfs filesystems
done.
Warning: fsck not present, so skipping root file system
[    5.597574] EXT4-fs (sda1): mounted filesystem with ordered data mode. Opts: (null)
done.
Begin: Running /scripts/local-bottom ... done.
Begin: Running /scripts/init-bottom ... done.
[    6.780957] ip_tables: (C) 2000-2006 Netfilter Core Team
[    6.890449] systemd[1]: systemd 237 running in system mode. (+PAM +AUDIT +SELINUX +IMA +APPARMOR +SMACK +SYSVINIT +UTMP +LIBCRYPTSETUP +GCRYPT +GNUTLS +ACL +XZ +LZ4 +SECCOMP +BLKID +ELFUTILS +KMOD -IDN2 +IDN -PCRE2 default-hierarchy=hybrid)
[    6.947625] systemd[1]: Detected virtualization oracle.
[    6.948631] systemd[1]: Detected architecture x86-64.

Welcome to [1mUbuntu 18.04.1 LTS[0m!

[    6.995151] systemd[1]: Set hostname to <ubuntu-bionic>.
[    7.320269] random: crng init done
[    7.325761] random: 7 urandom warning(s) missed due to ratelimiting
[    8.718729] systemd[1]: Created slice System Slice.
[[0;32m  OK  [0m] Created slice System Slice.
[    8.761709] systemd[1]: Listening on Network Service Netlink Socket.
[[0;32m  OK  [0m] Listening on Network Service Netlink Socket.
[    8.766906] systemd[1]: Listening on Journal Audit Socket.
[[0;32m  OK  [0m] Listening on Journal Audit Socket.
[    8.853011] systemd[1]: Listening on LVM2 metadata daemon socket.
[[0;32m  OK  [0m] Listening on LVM2 metadata daemon socket.
[    8.866497] systemd[1]: Listening on Device-mapper event daemon FIFOs.
[[0;32m  OK  [0m] Listening on Device-mapper event daemon FIFOs.
[    8.869115] systemd[1]: Listening on Syslog Socket.
[[0;32m  OK  [0m] Listening on Syslog Socket.
[[0;32m  OK  [0m] Listening on udev Kernel Socket.
[[0;32m  OK  [0m] Reached target Swap.
[[0;32m  OK  [0m] Listening on LVM2 poll daemon socket.
[[0;32m  OK  [0m] Listening on udev Control Socket.
[[0;32m  OK  [0m] Set up automount Arbitrary Executab…rmats File System Automount Point.
[[0;32m  OK  [0m] Reached target User and Group Name Lookups.
[[0;32m  OK  [0m] Created slice system-serial\x2dgetty.slice.
[[0;32m  OK  [0m] Reached target System Time Synchronized.
[[0;32m  OK  [0m] Listening on /dev/initctl Compatibility Named Pipe.
[[0;32m  OK  [0m] Listening on Journal Socket.
         Starting Monitoring of LVM2 mirrors…ng dmeventd or progress polling...
         Mounting Kernel Debug File System...
         Mounting POSIX Message Queue File System...
         Starting udev Coldplug all Devices...
         Starting Remount Root and Kernel File Systems...
         Starting Load Kernel Modules...
         Starting Create list of required st…ce nodes for the current kernel...
         Mounting Huge Pages File System...
         Starting Uncomplicated firewall...
[[0;32m  OK  [0m] Started Forward Password Requests to Wall Directory Watch.
[[0;32m  OK  [0m] Listening on Journal Socket (/dev/log).
         Starting Journal Service...
         Starting Set the console keyboard layout...
[[0;32m  OK  [0m] Created slice User and Session Slice.
[[0;32m  OK  [0m] Reached target Slices.
[[0;32m  OK  [0m] Started udev Coldplug all Devices.
[[0;32m  OK  [0m] Started Create list of required sta…vice nodes for the current kernel.
         Starting Create Static Device Nodes in /dev...
[[0;32m  OK  [0m] Started Uncomplicated firewall.
[[0;32m  OK  [0m] Started Journal Service.
[    9.537034] lp: driver loaded but no devices found
[[0;32m  OK  [0m] Mounted POSIX Message Queue File System.
[[0;32m  OK  [0m] Mounted Kernel Debug File System.
[[0;32m  OK  [0m] Mounted Huge Pages File System.
[    9.622571] ppdev: user-space parallel port driver
[[0;32m  OK  [0m] Started Create Static Device [    9.753303] EXT4-fs (sda1): re-mounted. Opts: (null)
Nodes in /dev.
[[0;32m  OK  [0m] Started Remount Root and Kernel File Systems.
         Starting Flush Journal to Persistent Storage...
         Starting udev Kernel Device Manager...
         Starting Load/Save Random Seed...
         Starting Initial cloud-init job (pre-networking)...
[    9.930377] systemd-journald[387]: Received request to flush runtime journal from PID 1
[[0;32m  OK  [0m] Started LVM2 metadata daemon.
[[0;32m  OK  [0m] Started Set the console keyboard layout.
[[0;32m  OK  [0m] Started Load/Save Random Seed.
[   10.127584] Loading iSCSI transport class v2.0-870.
[   10.332272] iscsi: registered transport (tcp)
[[0;32m  OK  [0m] Started Monitoring of LVM2 mirrors,…sing dmeventd or progress polling.
[[0;32m  OK  [0m] Reached target Local File Systems (Pre).
[[0;32m  OK  [0m] Reached target Local File Systems.
         Starting Set console font and keymap...
         Starting Tell Plymouth To Write Out Runtime Data...
         Starting AppArmor initialization...
         Starting ebtables ruleset management...
[[0;32m  OK  [0m] Started Tell Plymouth To Write Out Runtime Data.
[[0;32m  OK  [0m] Started Set console font and keymap.
[   11.032083] iscsi: registered transport (iser)
[[0;32m  OK  [0m] Started Load Kernel Modules.
         Mounting FUSE Control File System...
         Starting Apply Kernel Variables...
         Mounting Kernel Configuration File System...
[[0;32m  OK  [0m] Mounted FUSE Control File System.
[[0;32m  OK  [0m] Mounted Kernel Configuration File System.
[[0;32m  OK  [0m] Started Apply Kernel Variables.
[[0;32m  OK  [0m] Started ebtables ruleset management.
[[0;32m  OK  [0m] Started udev Kernel Device Manager.
[[0;32m  OK  [0m] Started Dispatch Password Requests to Console Directory Watch.
[[0;32m  OK  [0m] Reached target Local Encrypted Volumes.
[[0;32m  OK  [0m] Started Flush Journal to Persistent Storage.
         Starting Create Volatile Files and Directories...
[[0;32m  OK  [0m] Started Create Volatile Files and Directories.
         Starting Update UTMP about System Boot/Shutdown...
[[0;32m  OK  [0m] Started Update UTMP about System Boot/Shutdown.
[[0;32m  OK  [0m] Found device /dev/ttyS0.
[[0;32m  OK  [0m] Listening on Load/Save RF Kill Switch Status /dev/rfkill Watch.
[[0;32m  OK  [0m] Started AppArmor initialization.
[   18.279090] cloud-init[401]: Cloud-init v. 18.3-9-g2e62cb8a-0ubuntu1~18.04.2 running 'init-local' at Thu, 27 Sep 2018 20:46:16 +0000. Up 17.88 seconds.
[[0;32m  OK  [0m] Started Initial cloud-init job (pre-networking).
[[0;32m  OK  [0m] Reached target Network (Pre).
         Starting Network Service...
[[0;32m  OK  [0m] Started Network Service.
         Starting Network Name Resolution...
         Starting Wait for Network to be Configured...
[[0;32m  OK  [0m] Started Network Name Resolution.
[[0;32m  OK  [0m] Reached target Host and Network Name Lookups.
[[0;32m  OK  [0m] Started Wait for Network to be Configured.
         Starting Initial cloud-init job (metadata service crawler)...
[   21.828232] cloud-init[701]: Cloud-init v. 18.3-9-g2e62cb8a-0ubuntu1~18.04.2 running 'init' at Thu, 27 Sep 2018 20:46:18 +0000. Up 20.59 seconds.
[   21.836184] cloud-init[701]: ci-info: ++++++++++++++++++++++++++++++++++++++Net device info++++++++++++++++++++++++++++++++++++++
[[0;32m  OK  [0m] Started Initial cloud-init job (metadata service crawler).
[[0;32m  OK  [0m] Reached target Cloud-config availability.
[   21.899222] cloud-init[701]: ci-info: +--------+------+----------------------------+---------------+--------+-------------------+
[   21.905181] cloud-init[701]: ci-info: | Device |  Up  |          Address           |      Mask     | Scope  |     Hw-Address    |
[[0;32m  OK  [0m] Reached target System Initialization.
[[0;32m  OK  [0m] Listening on ACPID Listen Socket.
[   21.912347] cloud-init[701]: ci-info: +--------+------+----------------------------+---------------+--------+-------------------+
[   21.928153] cloud-init[701]: ci-info: | enp0s3 | True |         10.0.2.15          | 255.255.255.0 | global | 02:31:bc:f6:46:dd |
         Starting LXD - unix socket.
[[0;32m  OK  [0m] Started Daily Cleanup of Temporary Directories.
[   21.964548] cloud-init[701]: ci-info: | enp0s3 | True | fe80::31:bcff:fef6:46dd/64 |       .       |  link  | 02:31:bc:f6:46:dd |[[0;32m  OK  [0m] Listening on D-Bus System Message Bus Socket.

[   22.002313] cloud-init[701]: ci-info: |   lo   | True |         127.0.0.1          |   255.0.0.0   |  host  |         .         |[[0;32m  OK  [0m] Started Discard unused blocks once a week.
         Starting Socket activation for snappy daemon.

[   22.026367] cloud-init[701]: ci-info: |   lo   | True |          ::1/128           |       .       |  host  |         .         |
[   22.032058] cloud-init[701]: ci-info: +--------+------+----------------------------+---------------+--------+-------------------+
[[0;32m  OK  [0m] Started CUPS Scheduler.
[[   22.051326] cloud-init[701]: ci-info: ++++++++++++++++++++++++++++Route IPv4 info+++++++++++++++++++++++++++++
[   22.060193] [0;32m  OK  [0m] Listening on Avahi mDNS/DNS-SD Stack Activation Socket.
[[0;32m  OK  [0m] Listening on UUID daemon activation socket.
[[0;32m  OK  [0m] Listening on CUPS Scheduler.
cloud-init[701]: ci-info: +-------+-------------+----------+-----------------+-----------+-------+
[[   22.077769] cloud-init[701]: ci-info: | Route | Destination | Gateway  |     Genmask     | Interface | Flags |
[   22.078115] cloud-init[701]: ci-info: +-------+-------------+----------+-----------------+-----------+-------+
[   22.078213] cloud-init[701]: ci-info: |   0   |   0.0.0.0   | 10.0.2.2 |     0.0.0.0     |   enp0s3  |   UG  |
[   22.078315] cloud-init[701]: ci-info: |   1   |   10.0.2.0  | 0.0.0.0  |  255.255.255.0  |   enp0s3  |   U   |
[   22.078404] cloud-init[701]: ci-info: |   2   |   10.0.2.2  | 0.0.0.0  | 255.255.255.255 |   enp0s3  |   UH  |
[   22.078481] cloud-init[701]: ci-info: +-------+-------------+----------+-----------------+-----------+-------+
[   22.078557] cloud-init[701]: ci-info: +++++++++++++++++++Route IPv6 info+++++++++++++++++++
[   22.078636] cloud-init[701]: ci-info: +-------+-------------+---------+-----------+-------+
[   22.078688] cloud-init[701]: ci-info: | Route | Destination | Gateway | Interface | Flags |
[   22.078731] cloud-init[701]: ci-info: +-------+-------------+---------+-----------+-------+
[   22.078771] cloud-init[701]: ci-info: |   1   |  fe80::/64  |    ::   |   enp0s3  |   U   |
[   22.078876] cloud-init[701]: ci-info: |   3   |    local    |    ::   |   enp0s3  |   U   |
[   22.078929] cloud-init[701]: ci-info: |   4   |   ff00::/8  |    ::   |   enp0s3  |   U   |
[   22.078971] cloud-init[701]: ci-info: +-------+-------------+---------+-----------+-------+
[0;32m  OK  [0m] Started Trigger anacron every hour.
[[0;32m  OK  [0m] Started Daily apt download activities.
[[0;32m  OK  [0m] Started Daily apt upgrade and clean activities.
[[0;32m  OK  [0m] Started Message of the Day.
[[0;32m  OK  [0m] Started ACPI Events Check.
[[0;32m  OK  [0m] Reached target Paths.
[[0;32m  OK  [0m] Reached target Timers.
[[0;32m  OK  [0m] Listening on LXD - unix socket.
[[0;32m  OK  [0m] Listening on Socket activation for snappy daemon.
[[0;32m  OK  [0m] Reached target Sockets.
[[0;32m  OK  [0m] Reached target Basic System.
         Starting LXD - container startup/shutdown...
         Starting Avahi mDNS/DNS-SD Stack...
[[0;32m  OK  [0m] Started ACPI event daemon.
[[0;32m  OK  [0m] Started Run anacron jobs.
[[0;32m  OK  [0m] Started Regular background program processing daemon.
[[0;32m  OK  [0m] Started irqbalance daemon.
[[0;32m  OK  [0m] Started CUPS Scheduler.
         Starting Modem Manager...
         Starting System Logging Service...
         Starting Snappy daemon...
[[0;32m  OK  [0m] Started D-Bus System Message Bus.
         Starting WPA supplicant...
         Starting Disk Manager...
         Starting Dispatcher daemon for systemd-networkd...
[[0;32m  OK  [0m] Started Deferred execution scheduler.
         Starting Network Manager...
         Starting Detect the available GPUs and deal with any system changes...
         Starting Restore /etc/resolv.conf i…fore the ppp link was shut down...
         Starting Login Service...
[[0;32m  OK  [0m] Started FUSE filesystem for LXC.
         Starting Accounts Service...
         Starting LSB: Record successful boot for GRUB...
         Starting vboxadd.service...
[[0;32m  OK  [0m] Started System Logging Service.
[[0;32m  OK  [0m] Started Snappy daemon.
[[0;32m  OK  [0m] Started Restore /etc/resolv.conf if…before the ppp link was shut down.
[[0;32m  OK  [0m] Started Avahi mDNS/DNS-SD Stack.
[[0;32m  OK  [0m] Started WPA supplicant.
[[0;32m  OK  [0m] Started Detect the available GPUs and deal with any system changes.
[[0;32m  OK  [0m] Started Login Service.
         Starting Authorization Manager...
[[0;32m  OK  [0m] Started Make remote CUPS printers available locally.
         Starting Wait until snapd is fully seeded...
[[0;32m  OK  [0m] Started Wait until snapd is fully seeded.
[[0;32m  OK  [0m] Started LSB: Record successful boot for GRUB.
[[0;32m  OK  [0m] Started LXD - container startup/shutdown.
[[0;32m  OK  [0m] Started Authorization Manager.
[[0;32m  OK  [0m] Started Accounts Service.
[[0;32m  OK  [0m] Started Disk Manager.
[[0;32m  OK  [0m] Started Dispatcher daemon for systemd-networkd.
[[0;32m  OK  [0m] Started Modem Manager.
         Starting Hostname Service...
[[0;32m  OK  [0m] Started Hostname Service.
[[0;32m  OK  [0m] Started Network Manager.
         Starting Network Manager Script Dispatcher Service...
         Starting Network Manager Wait Online...
[[0;32m  OK  [0m] Reached target Network.
[[0;32m  OK  [0m] Started Unattended Upgrades Shutdown.
[[0;32m  OK  [0m] Started Network Manager Script Dispatcher Service.
[[0;32m  OK  [0m] Started Network Manager Wait Online.
[[0;32m  OK  [0m] Reached target Network is Online.
         Starting Apply the settings specified in cloud-config...
         Starting iSCSI initiator daemon (iscsid)...
         Starting OpenBSD Secure Shell server...
[[0;32m  OK  [0m] Started iSCSI initiator daemon (iscsid).
[[0;32m  OK  [0m] Reached target Remote File Systems (Pre).
[[0;32m  OK  [0m] Reached target Remote File Systems.
         Starting LSB: automatic crash report generation...
         Starting Permit User Sessions...
         Starting Tool to automatically coll… submit kernel crash signatures...
         Starting Availability of block devices...
[[0;32m  OK  [0m] Started vboxadd.service.
[[0;32m  OK  [0m] Started Permit User Sessions.
[[0;32m  OK  [0m] Started OpenBSD Secure Shell server.
[[0;32m  OK  [0m] Started Availability of block devices.
[[0;32m  OK  [0m] Started Tool to automatically colle…nd submit kernel crash signatures.
         Starting Hold until boot process finishes up...
         Starting vboxadd-service.service...
         Starting Light Display Manager...
[[0;32m  OK  [0m] Started Hold until boot process finishes up.
         Starting Set console scheme...
[[0;32m  OK  [0m] Started Serial Getty on ttyS0.
[[0;32m  OK  [0m] Started Set console scheme.
[[0;32m  OK  [0m] Created slice system-getty.slice.
[[0;32m  OK  [0m] Started Getty on tty1.
[[0;32m  OK  [0m] Reached target Login Prompts.
[[0;32m  OK  [0m] Started LSB: automatic crash report generation.
[[0;32m  OK  [0m] Started Light Display Manager.
[[0;32m  OK  [0m] Started vboxadd-service.service.
[[0;32m  OK  [0m] Reached target Multi-User System.
[[0;32m  OK  [0m] Reached target Graphical Interface.
         Starting Update UTMP about System Runlevel Changes...
[[0;32m  OK  [0m] Started Update UTMP about System Runlevel Changes.
[[0;32m  OK  [0m] Created slice User Slice of vagrant.
[   33.197247] cloud-init[1361]: Cloud-init v. 18.3-9-g2e62cb8a-0ubuntu1~18.04.2 running 'modules:config' at Thu, 27 Sep 2018 20:46:30 +0000. Up 32.36 seconds.
[[0;32m  OK  [0m] Started Apply the settings specified in cloud-config.
[[0;32m  OK  [0m] Started Session 1 of user vagrant.
         Starting Execute cloud user/final scripts...
         Starting User Manager for UID 1000...
[[0;32m  OK  [0m] Started User Manager for UID 1000.
[[0;32m  OK  [0m] Started Execute cloud user/final scripts.
[[0;32m  OK  [0m] Reached target Cloud-init target.
[   35.139283] cloud-init[1563]: Cloud-init v. 18.3-9-g2e62cb8a-0ubuntu1~18.04.2 running 'modules:final' at Thu, 27 Sep 2018 20:46:32 +0000. Up 33.94 seconds.
[   35.140866] cloud-init[1563]: Cloud-init v. 18.3-9-g2e62cb8a-0ubuntu1~18.04.2 finished at Thu, 27 Sep 2018 20:46:32 +0000. Datasource DataSourceNoCloud [seed=/dev/sdb][dsmode=net].  Up 34.46 seconds

Ubuntu 18.04.1 LTS ubuntu-bionic ttyS0

ubuntu-bionic login:          Stopping ACPI event daemon...
         Stopping Session 12 of user vagrant.
         Stopping PackageKit Daemon...
         Stopping Session c2 of user vagrant.
         Stopping Daemon for generating UUIDs...
[[0;32m  OK  [0m] Closed Load/Save RF Kill Switch Status /dev/rfkill Watch.
         Stopping RealtimeKit Scheduling Policy Service...
                  Stopping Unattended Upgrades Shutdown...
         Stopping Availability of block devices...
         Stopping Dispatcher daemon for systemd-networkd...
[[0;32m  OK  [0m] Unmounted /var/lib/lxcfs.
[[0;32m  OK  [0m] Stopped ACPI event daemon.
[[0;32m  OK  [0m] Stopped Regular background program processing daemon.
[[0;32m  OK  [0m] Stopped Dispatcher daemon for systemd-networkd.
[[0;32m  OK  [0m] Stopped Deferred execution scheduler.
[[0;32m  OK  [0m] Stopped Authorization Manager.
[[0;32m  OK  [0m] Stopped Serial Getty on ttyS0.
[[0;32m  OK  [0m] Stopped Accounts Service.
[[0;32m  OK  [0m] Stopped Getty on tty1.
[[0;32m  OK  [0m] Stopped Daemon for generating UUIDs.
[[0;32m  OK  [0m] Stopped PackageKit Daemon.
[[0;32m  OK  [0m] Stopped RealtimeKit Scheduling Policy Service.
[[0;32m  OK  [0m] Stopped Daemon for power management.
[[0;32m  OK  [0m] Stopped FUSE filesystem for LXC.
[[0;32m  OK  [0m] Stopped Tool to automatically colle…nd submit kernel crash signatures.
[[0;32m  OK  [0m] Stopped target Host and Network Name Lookups.
[[0;32m  OK  [0m] Stopped target System Time Synchronized.
[[0;32m  OK  [0m] Removed slice system-getty.slice.
[[0;32m  OK  [0m] Removed slice system-serial\x2dgetty.slice.
[[0;32m  OK  [0m] Stopped LXD - container startup/shutdown.
[[0;32m  OK  [0m] Stopped OpenBSD Secure Shell server.
[[0;32m  OK  [0m] Stopped Modem Manager.
[[0;32m  OK  [0m] Stopped Unattended Upgrades Shutdown.
[[0;32m  OK  [0m] Stopped Availability of block devices.
[[0;32m  OK  [0m] Stopped System Logging Service.
[[0;32m  OK  [0m] Stopped Disk Manager.
[[0;32m  OK  [0m] Stopped vboxadd-service.service.
[[0;32m  OK  [0m] Stopped LSB: Record successful boot for GRUB.
[[0;32m  OK  [0m] Stopped Snappy daemon.
[[0;32m  OK  [0m] Stopped Session 12 of user vagrant.
[[0;32m  OK  [0m] Stopped LSB: automatic crash report generation.
[[0;32m  OK  [0m] Stopped Make remote CUPS printers available locally.
         Stopping Avahi mDNS/DNS-SD Stack...
         Stopping CUPS Scheduler...
[[0;32m  OK  [0m] Stopped User Manager for UID 1000.
[[0;32m  OK  [0m] Stopped Avahi mDNS/DNS-SD Stack.
[[0;32m  OK  [0m] Stopped Session c2 of user vagrant.
[[0;32m  OK  [0m] Removed slice User Slice of vagrant.
         Stopping Login Service...
[[0;32m  OK  [0m] Stopped Login Service.
[[0;32m  OK  [0m] Stopped CUPS Scheduler.
[[0;32m  OK  [0m] Stopped Light Display Manager.
         Stopping Permit User Sessions...
         Stopping vboxadd.service...
[[0;32m  OK  [0m] Stopped Permit User Sessions.
[[0;32m  OK  [0m] Stopped target Remote File Systems.
[[0;32m  OK  [0m] Stopped target Remote File Systems (Pre).
         Stopping iSCSI initiator daemon (iscsid)...
[[0;32m  OK  [0m] Stopped target User and Group Name Lookups.
[[0;32m  OK  [0m] Stopped iSCSI initiator daemon (iscsid).
[[0;32m  OK  [0m] Stopped target Network is Online.
[[0;32m  OK  [0m] Stopped Network Manager Wait Online.
[[0;32m  OK  [0m] Stopped target Network.
         Stopping Network Name Resolution...
         Stopping Network Manager...
         Stopping WPA supplicant...
[[0;32m  OK  [0m] Stopped Network Name Resolution.
[[0;32m  OK  [0m] Unmounted /vagrant.
[[0;32m  OK  [0m] Stopped vboxadd.service.
[[0;32m  OK  [0m] Stopped WPA supplicant.
[[0;32m  OK  [0m] Stopped Network Manager.
         Stopping D-Bus System Message Bus...
[[0;32m  OK  [0m] Stopped D-Bus System Message Bus.
[[0;32m  OK  [0m] Stopped target Basic System.
[[0;32m  OK  [0m] Stopped target Sockets.
[[0;32m  OK  [0m] Closed LXD - unix socket.
[[0;32m  OK  [0m] Closed Socket activation for snappy daemon.
[[0;32m  OK  [0m] Closed UUID daemon activation socket.
[[0;32m  OK  [0m] Closed ACPID Listen Socket.
[[0;32m  OK  [0m] Closed Avahi mDNS/DNS-SD Stack Activation Socket.
[[0;32m  OK  [0m] Closed CUPS Scheduler.
[[0;32m  OK  [0m] Closed Syslog Socket.
[[0;32m  OK  [0m] Stopped target Slices.
[[0;32m  OK  [0m] Removed slice User and Session Slice.
[[0;32m  OK  [0m] Stopped target Paths.
[[0;32m  OK  [0m] Stopped CUPS Scheduler.
[[0;32m  OK  [0m] Stopped ACPI Events Check.
[[0;32m  OK  [0m] Closed D-Bus System Message Bus Socket.
[[0;32m  OK  [0m] Stopped target System Initialization.
         Stopping Load/Save Random Seed...
[[0;32m  OK  [0m] Stopped target Local Encrypted Volumes.
[[0;32m  OK  [0m] Stopped Dispatch Password Requests to Console Directory Watch.
[[0;32m  OK  [0m] Stopped Forward Password Requests to Wall Directory Watch.
         Stopping Update UTMP about System Boot/Shutdown...
[[0;32m  OK  [0m] Stopped Initial cloud-init job (metadata service crawler).
[[0;32m  OK  [0m] Stopped Wait for Network to be Configured.
         Stopping Network Service...
[[0;32m  OK  [0m] Stopped Load/Save Random Seed.
[[0;32m  OK  [0m] Stopped Network Service.
[[0;32m  OK  [0m] Stopped target Network (Pre).
[[0;32m  OK  [0m] Stopped Initial cloud-init job (pre-networking).
[[0;32m  OK  [0m] Stopped Apply Kernel Variables.
[[0;32m  OK  [0m] Stopped Load Kernel Modules.
[[0;32m  OK  [0m] Stopped Update UTMP about System Boot/Shutdown.
[[0;32m  OK  [0m] Stopped Create Volatile Files and Directories.
[[0;32m  OK  [0m] Stopped target Local File Systems.
         Unmounting /run/user/1000...
[[0;32m  OK  [0m] Unmounted /run/user/1000.
[[0;32m  OK  [0m] Reached target Unmount All Filesystems.
[[0;32m  OK  [0m] Stopped target Local File Systems (Pre).
         Stopping Monitoring of LVM2 mirrors…ng dmeventd or progress polling...
[[0;32m  OK  [0m] Stopped Remount Root and Kernel File Systems.
[[0;32m  OK  [0m] Stopped Create Static Device Nodes in /dev.
[[0;32m  OK  [0m] Stopped target Swap.
[[0;32m  OK  [0m] Reached target Shutdown.
[[0;32m  OK  [0m] Reached target Final Step.
         Starting Reboot...
[  528.366759] reboot: Restarting system with command 'reboot'
[    0.000000] Linux version 4.15.0-33-generic (buildd@lcy01-amd64-024) (gcc version 7.3.0 (Ubuntu 7.3.0-16ubuntu3)) #36-Ubuntu SMP Wed Aug 15 16:00:05 UTC 2018 (Ubuntu 4.15.0-33.36-generic 4.15.18)
[    0.000000] Command line: BOOT_IMAGE=/boot/vmlinuz-4.15.0-33-generic root=UUID=a8b13468-82b2-4341-bb8c-8827f28986f9 ro console=tty1 console=ttyS0
[    0.000000] KERNEL supported cpus:
[    0.000000]   Intel GenuineIntel
[    0.000000]   AMD AuthenticAMD
[    0.000000]   Centaur CentaurHauls
[    0.000000] x86/fpu: Supporting XSAVE feature 0x001: 'x87 floating point registers'
[    0.000000] x86/fpu: Supporting XSAVE feature 0x002: 'SSE registers'
[    0.000000] x86/fpu: Supporting XSAVE feature 0x004: 'AVX registers'
[    0.000000] x86/fpu: xstate_offset[2]:  576, xstate_sizes[2]:  256
[    0.000000] x86/fpu: Enabled xstate features 0x7, context size is 832 bytes, using 'standard' format.
[    0.000000] e820: BIOS-provided physical RAM map:
[    0.000000] BIOS-e820: [mem 0x0000000000000000-0x000000000009fbff] usable
[    0.000000] BIOS-e820: [mem 0x000000000009fc00-0x000000000009ffff] reserved
[    0.000000] BIOS-e820: [mem 0x00000000000f0000-0x00000000000fffff] reserved
[    0.000000] BIOS-e820: [mem 0x0000000000100000-0x000000003ffeffff] usable
[    0.000000] BIOS-e820: [mem 0x000000003fff0000-0x000000003fffffff] ACPI data
[    0.000000] BIOS-e820: [mem 0x00000000fec00000-0x00000000fec00fff] reserved
[    0.000000] BIOS-e820: [mem 0x00000000fee00000-0x00000000fee00fff] reserved
[    0.000000] BIOS-e820: [mem 0x00000000fffc0000-0x00000000ffffffff] reserved
[    0.000000] NX (Execute Disable) protection: active
[    0.000000] SMBIOS 2.5 present.
[    0.000000] DMI: innotek GmbH VirtualBox/VirtualBox, BIOS VirtualBox 12/01/2006
[    0.000000] Hypervisor detected: KVM
[    0.000000] e820: last_pfn = 0x3fff0 max_arch_pfn = 0x400000000
[    0.000000] MTRR: Disabled
[    0.000000] x86/PAT: MTRRs disabled, skipping PAT initialization too.
[    0.000000] CPU MTRRs all blank - virtualized system.
[    0.000000] x86/PAT: Configuration [0-7]: WB  WT  UC- UC  WB  WT  UC- UC  
[    0.000000] found SMP MP-table at [mem 0x0009fff0-0x0009ffff] mapped at [        (ptrval)]
[    0.000000] Scanning 1 areas for low memory corruption
[    0.000000] RAMDISK: [mem 0x35165000-0x368a9fff]
[    0.000000] ACPI: Early table checksum verification disabled
[    0.000000] ACPI: RSDP 0x00000000000E0000 000024 (v02 VBOX  )
[    0.000000] ACPI: XSDT 0x000000003FFF0030 00003C (v01 VBOX   VBOXXSDT 00000001 ASL  00000061)
[    0.000000] ACPI: FACP 0x000000003FFF00F0 0000F4 (v04 VBOX   VBOXFACP 00000001 ASL  00000061)
[    0.000000] ACPI: DSDT 0x000000003FFF0470 0021FF (v02 VBOX   VBOXBIOS 00000002 INTL 20180629)
[    0.000000] ACPI: FACS 0x000000003FFF0200 000040
[    0.000000] ACPI: FACS 0x000000003FFF0200 000040
[    0.000000] ACPI: APIC 0x000000003FFF0240 000054 (v02 VBOX   VBOXAPIC 00000001 ASL  00000061)
[    0.000000] ACPI: SSDT 0x000000003FFF02A0 0001CC (v01 VBOX   VBOXCPUT 00000002 INTL 20180629)
[    0.000000] No NUMA configuration found
[    0.000000] Faking a node at [mem 0x0000000000000000-0x000000003ffeffff]
[    0.000000] NODE_DATA(0) allocated [mem 0x3ffc5000-0x3ffeffff]
[    0.000000] kvm-clock: cpu 0, msr 0:3ff44001, primary cpu clock
[    0.000000] kvm-clock: Using msrs 4b564d01 and 4b564d00
[    0.000000] kvm-clock: using sched offset of 535960099041 cycles
[    0.000000] clocksource: kvm-clock: mask: 0xffffffffffffffff max_cycles: 0x1cd42e4dffb, max_idle_ns: 881590591483 ns
[    0.000000] Zone ranges:
[    0.000000]   DMA      [mem 0x0000000000001000-0x0000000000ffffff]
[    0.000000]   DMA32    [mem 0x0000000001000000-0x000000003ffeffff]
[    0.000000]   Normal   empty
[    0.000000]   Device   empty
[    0.000000] Movable zone start for each node
[    0.000000] Early memory node ranges
[    0.000000]   node   0: [mem 0x0000000000001000-0x000000000009efff]
[    0.000000]   node   0: [mem 0x0000000000100000-0x000000003ffeffff]
[    0.000000] Initmem setup node 0 [mem 0x0000000000001000-0x000000003ffeffff]
[    0.000000] Reserved but unavailable: 98 pages
[    0.000000] ACPI: PM-Timer IO Port: 0x4008
[    0.000000] IOAPIC[0]: apic_id 1, version 32, address 0xfec00000, GSI 0-23
[    0.000000] ACPI: INT_SRC_OVR (bus 0 bus_irq 0 global_irq 2 dfl dfl)
[    0.000000] ACPI: INT_SRC_OVR (bus 0 bus_irq 9 global_irq 9 low level)
[    0.000000] Using ACPI (MADT) for SMP configuration information
[    0.000000] smpboot: Allowing 1 CPUs, 0 hotplug CPUs
[    0.000000] PM: Registered nosave memory: [mem 0x00000000-0x00000fff]
[    0.000000] PM: Registered nosave memory: [mem 0x0009f000-0x0009ffff]
[    0.000000] PM: Registered nosave memory: [mem 0x000a0000-0x000effff]
[    0.000000] PM: Registered nosave memory: [mem 0x000f0000-0x000fffff]
[    0.000000] e820: [mem 0x40000000-0xfebfffff] available for PCI devices
[    0.000000] Booting paravirtualized kernel on KVM
[    0.000000] clocksource: refined-jiffies: mask: 0xffffffff max_cycles: 0xffffffff, max_idle_ns: 7645519600211568 ns
[    0.000000] random: get_random_bytes called from start_kernel+0x99/0x4fd with crng_init=0
[    0.000000] setup_percpu: NR_CPUS:8192 nr_cpumask_bits:1 nr_cpu_ids:1 nr_node_ids:1
[    0.000000] percpu: Embedded 46 pages/cpu @        (ptrval) s151552 r8192 d28672 u2097152
[    0.000000] PV qspinlock hash table entries: 256 (order: 0, 4096 bytes)
[    0.000000] Built 1 zonelists, mobility grouping on.  Total pages: 257913
[    0.000000] Policy zone: DMA32
[    0.000000] Kernel command line: BOOT_IMAGE=/boot/vmlinuz-4.15.0-33-generic root=UUID=a8b13468-82b2-4341-bb8c-8827f28986f9 ro console=tty1 console=ttyS0
[    0.000000] Memory: 978940K/1048120K available (12300K kernel code, 2470K rwdata, 4244K rodata, 2408K init, 2416K bss, 69180K reserved, 0K cma-reserved)
[    0.000000] SLUB: HWalign=64, Order=0-3, MinObjects=0, CPUs=1, Nodes=1
[    0.000000] Kernel/User page tables isolation: enabled
[    0.000000] ftrace: allocating 39121 entries in 153 pages
[    0.004000] Hierarchical RCU implementation.
[    0.004000] 	RCU restricting CPUs from NR_CPUS=8192 to nr_cpu_ids=1.
[    0.004000] 	Tasks RCU enabled.
[    0.004000] RCU: Adjusting geometry for rcu_fanout_leaf=16, nr_cpu_ids=1
[    0.004000] NR_IRQS: 524544, nr_irqs: 256, preallocated irqs: 16
[    0.004000] Console: colour VGA+ 80x25
[    0.004000] console [tty1] enabled
[    0.004000] console [ttyS0] enabled
[    0.004000] ACPI: Core revision 20170831
[    0.004000] ACPI: 2 ACPI AML tables successfully acquired and loaded
[    0.004000] APIC: Switch to symmetric I/O mode setup
[    0.004395] x2apic enabled
[    0.005474] Switched APIC routing to physical x2apic.
[    0.008000] ..TIMER: vector=0x30 apic1=0 pin1=2 apic2=-1 pin2=-1
[    0.008007] tsc: Detected 2196.818 MHz processor
[    0.012018] Calibrating delay loop (skipped) preset value.. 4393.63 BogoMIPS (lpj=8787272)
[    0.014011] pid_max: default: 32768 minimum: 301
[    0.016063] Security Framework initialized
[    0.017117] Yama: becoming mindful.
[    0.018050] AppArmor: AppArmor initialized
[    0.020066] Dentry cache hash table entries: 131072 (order: 8, 1048576 bytes)
[    0.021806] Inode-cache hash table entries: 65536 (order: 7, 524288 bytes)
[    0.024032] Mount-cache hash table entries: 2048 (order: 2, 16384 bytes)
[    0.028017] Mountpoint-cache hash table entries: 2048 (order: 2, 16384 bytes)
[    0.032268] mce: CPU supports 0 MCE banks
[    0.033001] process: using mwait in idle threads
[    0.036007] Last level iTLB entries: 4KB 64, 2MB 8, 4MB 8
[    0.036887] Last level dTLB entries: 4KB 64, 2MB 0, 4MB 0, 1GB 4
[    0.037857] Spectre V2 : Mitigation: Full generic retpoline
[    0.040007] Speculative Store Bypass: Vulnerable
[    0.057881] Freeing SMP alternatives memory: 36K
[    0.068000] smpboot: CPU0: Intel(R) Core(TM) i5-5200U CPU @ 2.20GHz (family: 0x6, model: 0x3d, stepping: 0x4)
[    0.068102] Performance Events: unsupported p6 CPU model 61 no PMU driver, software events only.
[    0.072061] Hierarchical SRCU implementation.
[    0.074096] NMI watchdog: Perf event create on CPU 0 failed with -2
[    0.076008] NMI watchdog: Perf NMI watchdog permanently disabled
[    0.077316] smp: Bringing up secondary CPUs ...
[    0.080012] smp: Brought up 1 node, 1 CPU
[    0.081724] smpboot: Max logical packages: 1
[    0.084007] smpboot: Total of 1 processors activated (4393.63 BogoMIPS)
[    0.085552] devtmpfs: initialized
[    0.086375] x86/mm: Memory block size: 128MB
[    0.087484] evm: security.selinux
[    0.088011] evm: security.SMACK64
[    0.088776] evm: security.SMACK64EXEC
[    0.089562] evm: security.SMACK64TRANSMUTE
[    0.090422] evm: security.SMACK64MMAP
[    0.091240] evm: security.apparmor
[    0.092007] evm: security.ima
[    0.092670] evm: security.capability
[    0.093604] clocksource: jiffies: mask: 0xffffffff max_cycles: 0xffffffff, max_idle_ns: 7645041785100000 ns
[    0.095606] futex hash table entries: 256 (order: 2, 16384 bytes)
[    0.096077] pinctrl core: initialized pinctrl subsystem
[    0.097307] RTC time: 20:54:51, date: 09/27/18
[    0.100152] NET: Registered protocol family 16
[    0.101198] audit: initializing netlink subsys (disabled)
[    0.104175] cpuidle: using governor ladder
[    0.105074] cpuidle: using governor menu
[    0.108014] audit: type=2000 audit(1538082228.498:1): state=initialized audit_enabled=0 res=1
[    0.112086] ACPI: bus type PCI registered
[    0.116006] acpiphp: ACPI Hot Plug PCI Controller Driver version: 0.5
[    0.117618] PCI: Using configuration type 1 for base access
[    0.121192] HugeTLB registered 2.00 MiB page size, pre-allocated 0 pages
[    0.124695] ACPI: Added _OSI(Module Device)
[    0.125764] ACPI: Added _OSI(Processor Device)
[    0.128016] ACPI: Added _OSI(3.0 _SCP Extensions)
[    0.129112] ACPI: Added _OSI(Processor Aggregator Device)
[    0.132025] ACPI: Added _OSI(Linux-Dell-Video)
[    0.133535] ACPI: Executed 1 blocks of module-level executable AML code
[    0.140684] ACPI: Interpreter enabled
[    0.143452] ACPI: (supports S0 S5)
[    0.144007] ACPI: Using IOAPIC for interrupt routing
[    0.145379] PCI: Using host bridge windows from ACPI; if necessary, use "pci=nocrs" and report a bug
[    0.147437] ACPI: Enabled 2 GPEs in block 00 to 07
[    0.155124] ACPI: PCI Root Bridge [PCI0] (domain 0000 [bus 00-ff])
[    0.156014] acpi PNP0A03:00: _OSC: OS supports [ASPM ClockPM Segments MSI]
[    0.157140] acpi PNP0A03:00: _OSC: not requesting OS control; OS requires [ExtendedConfig ASPM ClockPM MSI]
[    0.158735] acpi PNP0A03:00: fail to add MMCONFIG information, can't access extended PCI configuration space under this bridge.
[    0.160421] PCI host bridge to bus 0000:00
[    0.164009] pci_bus 0000:00: root bus resource [io  0x0000-0x0cf7 window]
[    0.165126] pci_bus 0000:00: root bus resource [io  0x0d00-0xffff window]
[    0.166208] pci_bus 0000:00: root bus resource [mem 0x000a0000-0x000bffff window]
[    0.167445] pci_bus 0000:00: root bus resource [mem 0x40000000-0xfdffffff window]
[    0.168010] pci_bus 0000:00: root bus resource [bus 00-ff]
[    0.172800] pci 0000:00:01.1: legacy IDE quirk: reg 0x10: [io  0x01f0-0x01f7]
[    0.174149] pci 0000:00:01.1: legacy IDE quirk: reg 0x14: [io  0x03f6]
[    0.176000] pci 0000:00:01.1: legacy IDE quirk: reg 0x18: [io  0x0170-0x0177]
[    0.176015] pci 0000:00:01.1: legacy IDE quirk: reg 0x1c: [io  0x0376]
[    0.204304] pci 0000:00:07.0: quirk: [io  0x4000-0x403f] claimed by PIIX4 ACPI
[    0.205973] pci 0000:00:07.0: quirk: [io  0x4100-0x410f] claimed by PIIX4 SMB
[    0.217753] ACPI: PCI Interrupt Link [LNKA] (IRQs 5 9 10 *11)
[    0.220117] ACPI: PCI Interrupt Link [LNKB] (IRQs 5 9 *10 11)
[    0.221488] ACPI: PCI Interrupt Link [LNKC] (IRQs 5 *9 10 11)
[    0.222927] ACPI: PCI Interrupt Link [LNKD] (IRQs 5 9 10 *11)
[    0.224456] SCSI subsystem initialized
[    0.225476] pci 0000:00:02.0: vgaarb: setting as boot VGA device
[    0.226761] pci 0000:00:02.0: vgaarb: VGA device added: decodes=io+mem,owns=io+mem,locks=none
[    0.228010] pci 0000:00:02.0: vgaarb: bridge control possible
[    0.229233] vgaarb: loaded
[    0.229900] ACPI: bus type USB registered
[    0.232047] usbcore: registered new interface driver usbfs
[    0.236046] usbcore: registered new interface driver hub
[    0.240045] usbcore: registered new device driver usb
[    0.241366] EDAC MC: Ver: 3.0.0
[    0.244434] PCI: Using ACPI for IRQ routing
[    0.245885] NetLabel: Initializing
[    0.248008] NetLabel:  domain hash size = 128
[    0.248952] NetLabel:  protocols = UNLABELED CIPSOv4 CALIPSO
[    0.252037] NetLabel:  unlabeled traffic allowed by default
[    0.253422] clocksource: Switched to clocksource kvm-clock
[    0.265990] VFS: Disk quotas dquot_6.6.0
[    0.284604] VFS: Dquot-cache hash table entries: 512 (order 0, 4096 bytes)
[    0.286050] AppArmor: AppArmor Filesystem Enabled
[    0.288747] pnp: PnP ACPI init
[    0.290494] pnp: PnP ACPI: found 3 devices
[    0.297004] clocksource: acpi_pm: mask: 0xffffff max_cycles: 0xffffff, max_idle_ns: 2085701024 ns
[    0.312693] NET: Registered protocol family 2
[    0.348619] TCP established hash table entries: 8192 (order: 4, 65536 bytes)
[    0.350189] TCP bind hash table entries: 8192 (order: 5, 131072 bytes)
[    0.351621] TCP: Hash tables configured (established 8192 bind 8192)
[    0.353411] UDP hash table entries: 512 (order: 2, 16384 bytes)
[    0.354747] UDP-Lite hash table entries: 512 (order: 2, 16384 bytes)
[    0.356119] NET: Registered protocol family 1
[    0.357120] pci 0000:00:00.0: Limiting direct PCI/PCI transfers
[    0.378554] pci 0000:00:01.0: Activating ISA DMA hang workarounds
[    0.379973] pci 0000:00:02.0: Video device with shadowed ROM at [mem 0x000c0000-0x000dffff]
[    0.381943] Unpacking initramfs...
[    0.739321] Freeing initrd memory: 23828K
[    0.748742] platform rtc_cmos: registered platform RTC device (no PNP device found)
[    0.750403] Scanning for low memory corruption every 60 seconds
[    0.752337] Initialise system trusted keyrings
[    0.753347] Key type blacklist registered
[    0.758789] workingset: timestamp_bits=36 max_order=18 bucket_order=0
[    0.761738] zbud: loaded
[    0.764019] squashfs: version 4.0 (2009/01/31) Phillip Lougher
[    0.765537] fuse init (API version 7.26)
[    0.767257] Key type asymmetric registered
[    0.768221] Asymmetric key parser 'x509' registered
[    0.814790] Block layer SCSI generic (bsg) driver version 0.4 loaded (major 246)
[    0.816123] io scheduler noop registered
[    0.816824] io scheduler deadline registered
[    0.817646] io scheduler cfq registered (default)
[    0.831341] ACPI: AC Adapter [AC] (on-line)
[    0.832157] input: Power Button as /devices/LNXSYSTM:00/LNXPWRBN:00/input/input0
[    0.833420] ACPI: Power Button [PWRF]
[    0.834162] input: Sleep Button as /devices/LNXSYSTM:00/LNXSLPBN:00/input/input1
[    0.835459] ACPI: Sleep Button [SLPF]
[    0.837238] ACPI: Battery Slot [BAT0] (battery present)
[    0.838433] Serial: 8250/16550 driver, 32 ports, IRQ sharing enabled
[    0.862348] 00:02: ttyS0 at I/O 0x3f8 (irq = 4, base_baud = 115200) is a 16550A
[    0.881218] Linux agpgart interface v0.103
[    0.889942] loop: module loaded
[    0.891597] scsi host0: ata_piix
[    0.892495] scsi host1: ata_piix
[    0.893317] ata1: PATA max UDMA/33 cmd 0x1f0 ctl 0x3f6 bmdma 0xd000 irq 14
[    0.894818] ata2: PATA max UDMA/33 cmd 0x170 ctl 0x376 bmdma 0xd008 irq 15
[    0.896821] libphy: Fixed MDIO Bus: probed
[    0.897779] tun: Universal TUN/TAP device driver, 1.6
[    0.902353] PPP generic driver version 2.4.2
[    0.903405] ehci_hcd: USB 2.0 'Enhanced' Host Controller (EHCI) Driver
[    0.908801] ehci-pci: EHCI PCI platform driver
[    0.929418] ehci-platform: EHCI generic platform driver
[    0.932622] ohci_hcd: USB 1.1 'Open' Host Controller (OHCI) Driver
[    0.934096] ohci-pci: OHCI PCI platform driver
[    0.936572] ohci-platform: OHCI generic platform driver
[    0.938274] uhci_hcd: USB Universal Host Controller Interface driver
[    0.939872] i8042: PNP: PS/2 Controller [PNP0303:PS2K,PNP0f03:PS2M] at 0x60,0x64 irq 1,12
[    0.942567] serio: i8042 KBD port at 0x60,0x64 irq 1
[    0.943782] serio: i8042 AUX port at 0x60,0x64 irq 12
[    0.945203] mousedev: PS/2 mouse device common for all mice
[    0.946807] input: AT Translated Set 2 keyboard as /devices/platform/i8042/serio0/input/input2
[    0.950029] rtc_cmos rtc_cmos: rtc core: registered rtc_cmos as rtc0
[    0.985241] rtc_cmos rtc_cmos: alarms up to one day, 114 bytes nvram
[    0.994958] i2c /dev entries driver
[    0.995696] device-mapper: uevent: version 1.0.3
[    0.996614] device-mapper: ioctl: 4.37.0-ioctl (2017-09-20) initialised: dm-devel@redhat.com
[    0.998028] ledtrig-cpu: registered to indicate activity on CPUs
[    0.999285] NET: Registered protocol family 10
[    1.003573] Segment Routing with IPv6
[    1.008790] NET: Registered protocol family 17
[    1.009948] Key type dns_resolver registered
[    1.011196] RAS: Correctable Errors collector initialized.
[    1.013179] sched_clock: Marking stable (1013036647, 0)->(1614783162, -601746515)
[    1.030960] registered taskstats version 1
[    1.031892] Loading compiled-in X.509 certificates
[    1.074084] Loaded X.509 cert 'Build time autogenerated kernel key: b2b2adbda3eef7b219e699c1b87c022096150517'
[    1.076546] zswap: loaded using pool lzo/zbud
[    1.082576] Key type big_key registered
[    1.087158] Key type trusted registered
[    1.090538] Key type encrypted registered
[    1.094264] AppArmor: AppArmor sha1 policy hashing enabled
[    1.097275] ima: No TPM chip found, activating TPM-bypass! (rc=-19)
[    1.128584] evm: HMAC attrs: 0x1
[    1.139382]   Magic number: 2:63:954
[    1.140108] memory memory7: hash matches
[    1.141291] rtc_cmos rtc_cmos: setting system clock to 2018-09-27 20:54:52 UTC (1538081692)
[    1.179842] BIOS EDD facility v0.16 2004-Jun-25, 0 devices found
[    1.181248] EDD information not available.
[    1.185498] Freeing unused kernel memory: 2408K
[    1.196155] Write protecting the kernel read-only data: 20480k
[    1.209548] Freeing unused kernel memory: 2008K
[    1.220916] Freeing unused kernel memory: 1900K
[    1.228454] x86/mm: Checked W+X mappings: passed, no W+X pages found.
[    1.230787] x86/mm: Checking user space page tables
[    1.237567] x86/mm: Checked W+X mappings: passed, no W+X pages found.
Loading, please wait...
starting version 237
[    1.384733] e1000: Intel(R) PRO/1000 Network Driver - version 7.3.21-k8-NAPI
[    1.409421] e1000: Copyright (c) 1999-2006 Intel Corporation.
[    1.419444] Fusion MPT base driver 3.04.20
[    1.428111] Copyright (c) 1999-2008 LSI Corporation
[    1.466612] AVX2 version of gcm_enc/dec engaged.
[    1.489347] AES CTR mode by8 optimization enabled
[    1.496848] Fusion MPT SPI Host driver 3.04.20
[    1.521143] mptbase: ioc0: Initiating bringup
[    1.632711] ioc0: LSI53C1030 A0: Capabilities={Initiator}
[    1.645062] input: ImExPS/2 Generic Explorer Mouse as /devices/platform/i8042/serio1/input/input4
[    1.760219] tsc: Refined TSC clocksource calibration: 2197.683 MHz
[    1.779321] clocksource: tsc: mask: 0xffffffffffffffff max_cycles: 0x1fada614c10, max_idle_ns: 440795221998 ns
[    1.901229] scsi host2: ioc0: LSI53C1030 A0, FwRev=00000000h, Ports=1, MaxQ=256, IRQ=20
[    2.085024] scsi 2:0:0:0: Direct-Access     VBOX     HARDDISK         1.0  PQ: 0 ANSI: 5
[    2.096627] scsi target2:0:0: Beginning Domain Validation
[    2.100680] random: fast init done
[    2.121933] scsi target2:0:0: Domain Validation skipping write tests
[    2.123424] scsi target2:0:0: Ending Domain Validation
[    2.126093] scsi target2:0:0: asynchronous
[    2.127662] scsi 2:0:1:0: Direct-Access     VBOX     HARDDISK         1.0  PQ: 0 ANSI: 5
[    2.129672] scsi target2:0:1: Beginning Domain Validation
[    2.132073] scsi target2:0:1: Domain Validation skipping write tests
[    2.133573] scsi target2:0:1: Ending Domain Validation
[    2.144398] scsi target2:0:1: asynchronous
[    2.251816] sd 2:0:0:0: Attached scsi generic sg0 type 0
[    2.318831] sd 2:0:0:0: [sda] 83886080 512-byte logical blocks: (42.9 GB/40.0 GiB)
[    2.320509] random: systemd-udevd: uninitialized urandom read (16 bytes read)
[    2.322068] sd 2:0:0:0: [sda] Write Protect is off
[    2.323232] random: systemd-udevd: uninitialized urandom read (16 bytes read)
[    2.325179] random: systemd-udevd: uninitialized urandom read (16 bytes read)
[    2.358390] sd 2:0:0:0: [sda] Incomplete mode parameter data
[    2.362756] sd 2:0:0:0: [sda] Assuming drive cache: write through
[    2.405418] sd 2:0:1:0: Attached scsi generic sg1 type 0
[    2.408870]  sda: sda1
[    2.409639] sd 2:0:1:0: [sdb] 20480 512-byte logical blocks: (10.5 MB/10.0 MiB)
[    2.411172] sd 2:0:1:0: [sdb] Write Protect is off
[    2.412163] sd 2:0:1:0: [sdb] Incomplete mode parameter data
[    2.413161] sd 2:0:1:0: [sdb] Assuming drive cache: write through
[    2.419261] sd 2:0:0:0: [sda] Attached SCSI disk
[    2.441298] sd 2:0:1:0: [sdb] Attached SCSI disk
[    2.656981] e1000 0000:00:03.0 eth0: (PCI:33MHz:32-bit) 02:31:bc:f6:46:dd
[    2.661536] e1000 0000:00:03.0 eth0: Intel(R) PRO/1000 Network Connection
[    2.663737] e1000 0000:00:03.0 enp0s3: renamed from eth0
Begin: Loading essential drivers ... [    4.117905] raid6: sse2x1   gen() 10015 MB/s
[    4.177928] raid6: sse2x1   xor()  6858 MB/s
[    4.237924] raid6: sse2x2   gen() 11059 MB/s
[    4.297925] raid6: sse2x2   xor()  7258 MB/s
[    4.357924] raid6: sse2x4   gen() 13563 MB/s
[    4.417927] raid6: sse2x4   xor()  8717 MB/s
[    4.477956] raid6: avx2x1   gen() 19891 MB/s
[    4.567886] raid6: avx2x1   xor() 12767 MB/s
[    4.697921] raid6: avx2x2   gen() 21751 MB/s
[    4.757922] raid6: avx2x2   xor() 12887 MB/s
[    4.837917] raid6: avx2x4   gen() 24750 MB/s
[    4.957898] raid6: avx2x4   xor() 16198 MB/s
[    4.988515] raid6: using algorithm avx2x4 gen() 24750 MB/s
[    4.989495] raid6: .... xor() 16198 MB/s, rmw enabled
[    4.994535] raid6: using avx2x2 recovery algorithm
[    4.997620] xor: automatically using best checksumming function   avx       
[    5.014044] async_tx: api initialized (async)
done.
Begin: Running /scripts/init-premount ... done.
Begin: Mounting root file system[    5.093191] Btrfs loaded, crc32c=crc32c-intel
 ... Begin: Running /scripts/local-top ... done.
Begin: Running /scripts/local-premount ... Scanning for Btrfs filesystems
done.
Warning: fsck not present, so skipping root file system
[    5.145680] EXT4-fs (sda1): mounted filesystem with ordered data mode. Opts: (null)
done.
Begin: Running /scripts/local-bottom ... done.
Begin: Running /scripts/init-bottom ... done.
[    6.239849] ip_tables: (C) 2000-2006 Netfilter Core Team
[    6.327486] systemd[1]: systemd 237 running in system mode. (+PAM +AUDIT +SELINUX +IMA +APPARMOR +SMACK +SYSVINIT +UTMP +LIBCRYPTSETUP +GCRYPT +GNUTLS +ACL +XZ +LZ4 +SECCOMP +BLKID +ELFUTILS +KMOD -IDN2 +IDN -PCRE2 default-hierarchy=hybrid)
[    6.339447] systemd[1]: Detected virtualization oracle.
[    6.351583] systemd[1]: Detected architecture x86-64.

Welcome to [1mUbuntu 18.04.1 LTS[0m!

[    6.376344] systemd[1]: Set hostname to <ubuntu-bionic>.
[    7.062163] random: crng init done
[    7.074973] random: 7 urandom warning(s) missed due to ratelimiting
[    8.097675] systemd[1]: Started Forward Password Requests to Wall Directory Watch.
[[0;32m  OK  [0m] Started Forward Password Requests to Wall Directory Watch.
[    8.122626] systemd[1]: Created slice System Slice.
[[0;32m  OK  [0m] Created slice System Slice.
[    8.128446] systemd[1]: Listening on udev Control Socket.
[[0;32m  OK  [0m] Listening on udev Control Socket.
[    8.180270] systemd[1]: Listening on LVM2 poll daemon socket.
[[0;32m  OK  [0m] Listening on LVM2 poll daemon socket.
[    8.188802] systemd[1]: Created slice system-serial\x2dgetty.slice.
[[0;32m  OK  [0m] Created slice system-serial\x2dgetty.slice.
[    8.198522] systemd[1]: Listening on Device-mapper event daemon FIFOs.
[[0;32m  OK  [0m] Listening on Device-mapper event daemon FIFOs.
[[0;32m  OK  [0m] Listening on Network Service Netlink Socket.
[[0;32m  OK  [0m] Listening on /dev/initctl Compatibility Named Pipe.
[[0;32m  OK  [0m] Reached target System Time Synchronized.
[[0;32m  OK  [0m] Set up automount Arbitrary Executab…rmats File System Automount Point.
[[0;32m  OK  [0m] Listening on Journal Socket (/dev/log).
[[0;32m  OK  [0m] Reached target Swap.
[[0;32m  OK  [0m] Listening on udev Kernel Socket.
[[0;32m  OK  [0m] Created slice User and Session Slice.
[[0;32m  OK  [0m] Reached target Slices.
[[0;32m  OK  [0m] Listening on Syslog Socket.
[[0;32m  OK  [0m] Listening on LVM2 metadata daemon socket.
[[0;32m  OK  [0m] Listening on Journal Audit Socket.
[[0;32m  OK  [0m] Reached target User and Group Name Lookups.
[[0;32m  OK  [0m] Listening on Journal Socket.
         Mounting Kernel Debug File System...
         Mounting Huge Pages File System...
         Starting udev Coldplug all Devices...
         Starting Set the console keyboard layout...
         Starting Remount Root and Kernel File Systems...
         Starting Create list of required st…ce nodes for the current kernel...
         Starting Monitoring of LVM2 mirrors…ng dmeventd or progress polling...
         Mounting POSIX Message Queue File System...
         Starting Journal Service...
         Starting Uncomplicated firewall...
         Starting Load Kernel Modules...
[[0;32m  OK  [0m] Started Journal Service.
[[0;32m  OK  [0m] Started Create list of required sta…vice nodes for the current kernel.
         Starting Create Static Device Nodes in /dev...
[[0;32m  OK  [0m] Started udev Coldplug all Devices.
[[0;32m  OK  [0m] Started Uncomplicated firewall.
[    8.918654] lp: driver loaded but no devices found
[[0;32m  OK  [0m] Started Create Static Device Nodes in /dev.
[[0;32m  OK  [0m] Mounted Kernel Debug File System.
[[0;32m  OK  [0m] Mounted Huge Pages File System.
[    8.948252] EXT4-fs (sda1): re-mounted. Opts: (null)
[[0;32m  OK  [0m] Started Remount [    8.955717] ppdev: user-space parallel port driver
Root and Kernel File Systems.
[[0;32m  OK  [0m] Mounted POSIX Message Queue File System.
         Starting Load/Save Random Seed...
         Starting udev Kernel Device Manager...
         Starting Flush Journal to Persistent Storage...
         Starting Initial cloud-init job (pre-networking)...
[[0;32m  OK  [0m] Started Load/Save Random Seed.
[    9.127803] Loading iSCSI transport class v2.0-870.
[    9.191698] systemd-journald[402]: Received request to flush runtime journal from PID 1
[[0;32m  OK  [0m] Started LVM2 metadata daemon.
[[0;32m  OK  [0m] Started Set the console keyboard layout.
[    9.363714] iscsi: registered transport (tcp)
[    9.556747] iscsi: registered transport (iser)
[[0;32m  OK  [0m] Started Load Kernel Modules.
         Mounting Kernel Configuration File System...
         Starting Apply Kernel Variables...
         Mounting FUSE Control File System...
[[0;32m  OK  [0m] Mounted Kernel Configuration File System.
[[0;32m  OK  [0m] Mounted FUSE Control File System.
[[0;32m  OK  [0m] Started Monitoring of LVM2 mirrors,…sing dmeventd or progress polling.
[[0;32m  OK  [0m] Reached target Local File Systems (Pre).
[[0;32m  OK  [0m] Reached target Local File Systems.
         Starting ebtables ruleset management...
         Starting Set console font and keymap...
         Starting Enable support for additional executable binary formats...
         Starting AppArmor initialization...
         Starting Tell Plymouth To Write Out Runtime Data...
[[0;32m  OK  [0m] Started Apply Kernel Variables.
[[0;32m  OK  [0m] Started Set console font and keymap.
         Mounting Arbitrary Executable File Formats File System...
[[0;32m  OK  [0m] Mounted Arbitrary Executable File Formats File System.
[[0;32m  OK  [0m] Started Tell Plymouth To Write Out Runtime Data.
[[0;32m  OK  [0m] Started Enable support for additional executable binary formats.
[[0;32m  OK  [0m] Started udev Kernel Device Manager.
[[0;32m  OK  [0m] Started Dispatch Password Requests to Console Directory Watch.
[[0;32m  OK  [0m] Reached target Local Encrypted Volumes.
[[0;32m  OK  [0m] Started ebtables ruleset management.
[[0;32m  OK  [0m] Found device /dev/ttyS0.
[[0;32m  OK  [0m] Listening on Load/Save RF Kill Switch Status /dev/rfkill Watch.
[[0;32m  OK  [0m] Started Flush Journal to Persistent Storage.
         Starting Create Volatile Files and Directories...
[[0;32m  OK  [0m] Started Create Volatile Files and Directories.
         Starting Update UTMP about System Boot/Shutdown...
[[0;32m  OK  [0m] Started Update UTMP about System Boot/Shutdown.
[[0;32m  OK  [0m] Started AppArmor initialization.
[   17.645627] cloud-init[415]: Cloud-init v. 18.3-9-g2e62cb8a-0ubuntu1~18.04.2 running 'init-local' at Thu, 27 Sep 2018 20:55:08 +0000. Up 17.21 seconds.
[[0;32m  OK  [0m] Started Initial cloud-init job (pre-networking).
[[0;32m  OK  [0m] Reached target Network (Pre).
         Starting Network Service...
[[0;32m  OK  [0m] Started Network Service.
         Starting Network Name Resolution...
         Starting Wait for Network to be Configured...
[[0;32m  OK  [0m] Started Network Name Resolution.
[[0;32m  OK  [0m] Reached target Host and Network Name Lookups.
[[0;32m  OK  [0m] Started Wait for Network to be Configured.
         Starting Initial cloud-init job (metadata service crawler)...
[   20.543155] cloud-init[719]: Cloud-init v. 18.3-9-g2e62cb8a-0ubuntu1~18.04.2 running 'init' at Thu, 27 Sep 2018 20:55:10 +0000. Up 19.58 seconds.
[   20.560034] cloud-init[719]: ci-info: ++++++++++++++++++++++++++++++++++++++Net device info++++++++++++++++++++++++++++++++++++++
[   20.562444] cloud-init[719]: ci-info: +--------+------+----------------------------+---------------+--------+-------------------+
[   20.568482] cloud-init[719]: ci-info: | Device |  Up  |          Address           |      Mask     | Scope  |     Hw-Address    |
[[0;32m  OK  [0m[   20.616251] cloud-init[719]: ci-info: +--------+------+----------------------------+---------------+--------+-------------------+
[   20.616620] cloud-init[719]: ci-info: | enp0s3 | True |         10.0.2.15          | 255.255.255.0 | global | 02:31:bc:f6:46:dd |
[   20.616678] cloud-init[719]: ci-info: | enp0s3 | True | fe80::31:bcff:fef6:46dd/64 |       .       |  link  | 02:31:bc:f6:46:dd |
[   20.616730] cloud-init[719]: ci-info: |   lo   | True |         127.0.0.1          |   255.0.0.0   |  host  |         .         |
[   20.616783] cloud-init[719]: ci-info: |   lo   | True |          ::1/128           |       .       |  host  |         .         |
[   20.616837] cloud-init[719]: ci-info: +--------+------+----------------------------+---------------+--------+-------------------+
[   20.616878] cloud-init[719]: ci-info: ++++++++++++++++++++++++++++Route IPv4 info+++++++++++++++++++++++++++++
[   20.616931] cloud-init[719]: ci-info: +-------+-------------+----------+-----------------+-----------+-------+
[   20.616978] cloud-init[719]: ci-info: | Route | Destination | Gateway  |     Genmask     | Interface | Flags |
[   20.617019] cloud-init[719]: ci-info: +-------+-------------+----------+-----------------+-----------+-------+
[   20.617059] cloud-init[719]: ci-info: |   0   |   0.0.0.0   | 10.0.2.2 |     0.0.0.0     |   enp0s3  |   UG  |
[   20.617103] cloud-init[719]: ci-info: |   1   |   10.0.2.0  | 0.0.0.0  |  255.255.255.0  |   enp0s3  |   U   |
[   20.617146] cloud-init[719]: ci-info: |   2   |   10.0.2.2  | 0.0.0.0  | 255.255.255.255 |   enp0s3  |   UH  |
[   20.617187] cloud-init[719]: ci-info: +-------+-------------+----------+-----------------+-----------+-------+
[   20.617231] cloud-init[719]: ci-info: +++++++++++++++++++Route IPv6 info+++++++++++++++++++
[   20.617277] cloud-init[719]: ci-info: +-------+-------------+---------+-----------+-------+
[   20.617345] cloud-init[719]: ci-info: | Route | Destination | Gateway | Interface | Flags |
[   20.617387] cloud-init[719]: ci-info: +-------+-------------+---------+-----------+-------+
[   20.617426] cloud-init[719]: ci-info: |   1   |  fe80::/64  |    ::   |   enp0s3  |   U   |
[   20.617489] cloud-init[719]: ci-info: |   3   |    local    |    ::   |   enp0s3  |   U   |
[   20.617534] cloud-init[719]: ci-info: |   4   |   ff00::/8  |    ::   |   enp0s3  |   U   |
[   20.617574] cloud-init[719]: ci-info: +-------+-------------+---------+-----------+-------+
] Started Initial cloud-init job (metadata service crawler).
[[0;32m  OK  [0m] Reached target Cloud-config availability.
[[0;32m  OK  [0m] Reached target System Initialization.
[[0;32m  OK  [0m] Listening on Avahi mDNS/DNS-SD Stack Activation Socket.
         Starting LXD - unix socket.
[[0;32m  OK  [0m] Listening on D-Bus System Message Bus Socket.
[[0;32m  OK  [0m] Listening on CUPS Scheduler.
[[0;32m  OK  [0m] Listening on UUID daemon activation socket.
[[0;32m  OK  [0m] Started Daily apt download activities.
[[0;32m  OK  [0m] Started Message of the Day.
[[0;32m  OK  [0m] Listening on ACPID Listen Socket.
         Starting Socket activation for snappy daemon.
[[0;32m  OK  [0m] Started Daily apt upgrade and clean activities.
[[0;32m  OK  [0m] Started Discard unused blocks once a week.
[[0;32m  OK  [0m] Started CUPS Scheduler.
[[0;32m  OK  [0m] Started ACPI Events Check.
[[0;32m  OK  [0m] Reached target Paths.
[[0;32m  OK  [0m] Started Daily Cleanup of Temporary Directories.
[[0;32m  OK  [0m] Started Trigger anacron every hour.
[[0;32m  OK  [0m] Reached target Timers.
[[0;32m  OK  [0m] Listening on LXD - unix socket.
[[0;32m  OK  [0m] Listening on Socket activation for snappy daemon.
[[0;32m  OK  [0m] Reached target Sockets.
[[0;32m  OK  [0m] Reached target Basic System.
         Starting Dispatcher daemon for systemd-networkd...
         Starting Accounts Service...
         Starting Avahi mDNS/DNS-SD Stack...
         Starting Disk Manager...
         Starting vboxadd.service...
         Starting Detect the available GPUs and deal with any system changes...
[[0;32m  OK  [0m] Started irqbalance daemon.
         Starting LSB: Record successful boot for GRUB...
[[0;32m  OK  [0m] Started Deferred execution scheduler.
         Starting System Logging Service...
[[0;32m  OK  [0m] Started CUPS Scheduler.
[[0;32m  OK  [0m] Started ACPI event daemon.
[[0;32m  OK  [0m] Started D-Bus System Message Bus.
         Starting WPA supplicant...
         Starting Restore /etc/resolv.conf i…fore the ppp link was shut down...
[[0;32m  OK  [0m] Started Regular background program processing daemon.
         Starting Login Service...
[[0;32m  OK  [0m] Started Run anacron jobs.
         Starting Modem Manager...
[[0;32m  OK  [0m] Started FUSE filesystem for LXC.
         Starting Network Manager...
         Starting Snappy daemon...
         Starting LXD - container startup/shutdown...
[[0;32m  OK  [0m] Started System Logging Service.
[[0;32m  OK  [0m] Started Dispatcher daemon for systemd-networkd.
[[0;32m  OK  [0m] Started Detect the available GPUs and deal with any system changes.
[[0;32m  OK  [0m] Started Avahi mDNS/DNS-SD Stack.
[[0;32m  OK  [0m] Started WPA supplicant.
[[0;32m  OK  [0m] Started Login Service.
[[0;32m  OK  [0m] Started Make remote CUPS printers available locally.
[[0;32m  OK  [0m] Started Restore /etc/resolv.conf if…before the ppp link was shut down.
[[0;32m  OK  [0m] Started LSB: Record successful boot for GRUB.
         Starting Authorization Manager...
[[0;32m  OK  [0m] Started Authorization Manager.
[[0;32m  OK  [0m] Started Accounts Service.
[[0;32m  OK  [0m] Started Disk Manager.
[[0;32m  OK  [0m] Started Modem Manager.
[[0;32m  OK  [0m] Started Snappy daemon.
         Starting Wait until snapd is fully seeded...
[[0;32m  OK  [0m] Started Wait until snapd is fully seeded.
[[0;32m  OK  [0m] Started LXD - container startup/shutdown.
[[0;32m  OK  [0m] Started vboxadd.service.
         Starting vboxadd-service.service...
[[0;32m  OK  [0m] Started vboxadd-service.service.
         Starting Hostname Service...
[[0;32m  OK  [0m] Started Hostname Service.
[[0;32m  OK  [0m] Started Network Manager.
         Starting Network Manager Wait Online...
[[0;32m  OK  [0m] Reached target Network.
[[0;32m  OK  [0m] Started Unattended Upgrades Shutdown.
         Starting Network Manager Script Dispatcher Service...
[[0;32m  OK  [0m] Started Network Manager Script Dispatcher Service.
[[0;32m  OK  [0m] Started Network Manager Wait Online.
[[0;32m  OK  [0m] Reached target Network is Online.
         Starting OpenBSD Secure Shell server...
         Starting Apply the settings specified in cloud-config...
         Starting iSCSI initiator daemon (iscsid)...
[[0;32m  OK  [0m] Started OpenBSD Secure Shell server.
[[0;32m  OK  [0m] Started iSCSI initiator daemon (iscsid).
         Starting Availability of block devices...
[[0;32m  OK  [0m] Reached target Remote File Systems (Pre).
[[0;32m  OK  [0m] Reached target Remote File Systems.
         Starting Permit User Sessions...
         Starting LSB: automatic crash report generation...
         Starting Tool to automatically coll… submit kernel crash signatures...
[[0;32m  OK  [0m] Started Availability of block devices.
[[0;32m  OK  [0m] Started Permit User Sessions.
         Starting Light Display Manager...
         Starting Hold until boot process finishes up...
[[0;32m  OK  [0m] Started Hold until boot process finishes up.
[[0;32m  OK  [0m] Started Serial Getty on ttyS0.
         Starting Set console scheme...
[[0;32m  OK  [0m] Started Tool to automatically colle…nd submit kernel crash signatures.
[[0;32m  OK  [0m] Started Set console scheme.
[[0;32m  OK  [0m] Created slice system-getty.slice.
[[0;32m  OK  [0m] Started Getty on tty1.
[[0;32m  OK  [0m] Reached target Login Prompts.
[[0;32m  OK  [0m] Started Light Display Manager.
[[0;32m  OK  [0m] Started LSB: automatic crash report generation.
[[0;32m  OK  [0m] Reached target Multi-User System.
[[0;32m  OK  [0m] Reached target Graphical Interface.
         Starting Update UTMP about System Runlevel Changes...
[[0;32m  OK  [0m] Started Update UTMP about System Runlevel Changes.
[   30.981072] cloud-init[1413]: Cloud-init v. 18.3-9-g2e62cb8a-0ubuntu1~18.04.2 running 'modules:config' at Thu, 27 Sep 2018 20:55:21 +0000. Up 30.46 seconds.
[[0;32m  OK  [0m] Started Apply the settings specified in cloud-config.
         Starting Execute cloud user/final scripts...
[   32.016593] cloud-init[1536]: Cloud-init v. 18.3-9-g2e62cb8a-0ubuntu1~18.04.2 running 'modules:final' at Thu, 27 Sep 2018 20:55:23 +0000. Up 31.68 seconds.
[   32.020236] cloud-init[1536]: Cloud-init v. 18.3-9-g2e62cb8a-0ubuntu1~18.04.2 finished at Thu, 27 Sep 2018 20:55:23 +0000. Datasource DataSourceNoCloud [seed=/dev/sdb][dsmode=net].  Up 32.00 seconds
[[0;32m  OK  [0m] Started Execute cloud user/final scripts.
[[0;32m  OK  [0m] Reached target Cloud-init target.

Ubuntu 18.04.1 LTS ubuntu-bionic ttyS0

ubuntu-bionic login:          Stopping Daemon for power management...
         Stopping Session 4 of user vagrant.
         Stopping Authorization Manager...
         Stopping Availability of block devices...
[[0;32m  OK  [0m] Closed Load/Save RF Kill Switch Stati         Stopping Tool to automatically coll… submit kernel crash signatures...
[[0;32m  OK  [0m] Unmounted /var/lib/lxcfs.
[[0;32m  OK  [0m] Stopped Dispatcher daemon for systemd-networkd.
[[0;32m  OK  [0m] Stopped Accounts Service.
[[0;32m  OK  [0m] Stopped Disk Manager.
[[0;32m  OK  [0m] Stopped Deferred execution scheduler.
[[0;32m  OK  [0m] Stopped System Logging Service.
[[0;32m  OK  [0m] Stopped ACPI event daemon.
[[0;32m  OK  [0m] Stopped Regular background program processing daemon.
[[0;32m  OK  [0m] Stopped Modem Manager.
[[0;32m  OK  [0m] Stopped Snappy daemon.
[[0;32m  OK  [0m] Stopped Authorization Manager.
[[0;32m  OK  [0m] Stopped OpenBSD Secure Shell server.
[[0;32m  OK  [0m] Stopped Serial Getty on ttyS0.
[[0;32m  OK  [0m] Stopped Getty on tty1.
[[0;32m  OK  [0m] Stopped RealtimeKit Scheduling Policy Service.
[[0;32m  OK  [0m] Stopped Make remote CUPS printers available locally.
[[0;32m  OK  [0m] Stopped Daemon for power management.
[[0;32m  OK  [0m] Stopped Availability of block devices.
[[0;32m  OK  [0m] Stopped FUSE filesystem for LXC.
[[0;32m  OK  [0m] Stopped Tool to automatically colle…nd submit kernel crash signatures.
[[0;32m  OK  [0m] Stopped LSB: automatic crash report generation.
[[0;32m  OK  [0m] Stopped LSB: Record successful boot for GRUB.
[[0;32m  OK  [0m] Stopped LXD - container startup/shutdown.
[[0;32m  OK  [0m] Stopped target System Time Synchronized.
[[0;32m  OK  [0m] Stopped target Host and Network Name Lookups.
         Stopping CUPS Scheduler...
         Stopping Avahi mDNS/DNS-SD Stack...
[[0;32m  OK  [0m] Removed slice system-getty.slice.
[[0;32m  OK  [0m] Removed slice system-serial\x2dgetty.slice.
[[0;32m  OK  [0m] Stopped Avahi mDNS/DNS-SD Stack.
[[0;32m  OK  [0m] Stopped CUPS Scheduler.
[[0;32m  OK  [0m] Stopped Light Display Manager.
[[0;32m  OK  [0m] Stopped vboxadd-service.service.
[[0;32m  OK  [0m] Stopped Unattended Upgrades Shutdown.
[[0;32m  OK  [0m] Stopped Session c2 of user vagrant.
[[0;32m  OK  [0m] Stopped Session 4 of user vagrant.
         Stopping vboxadd.service...
[[0;32m  OK  [0m] Stopped User Manager for UID 1000.
[[0;32m  OK  [0m] Removed slice User Slice of vagrant.
         Stopping Login Service...
         Stopping Permit User Sessions...
[[0;32m  OK  [0m] Stopped Login Service.
[[0;32m  OK  [0m] Stopped Permit User Sessions.
[[0;32m  OK  [0m] Stopped target Remote File Systems.
[[0;32m  OK  [0m] Stopped target Remote File Systems (Pre).
         Stopping iSCSI initiator daemon (iscsid)...
[[0;32m  OK  [0m] Stopped target User and Group Name Lookups.
[[0;32m  OK  [0m] Stopped vboxadd.service.
[[0;32m  OK  [0m] Stopped iSCSI initiator daemon (iscsid).
[[0;32m  OK  [0m] Stopped target Network is Online.
[[0;32m  OK  [0m] Stopped Network Manager Wait Online.
[[0;32m  OK  [0m] Stopped target Network.
         Stopping WPA supplicant...
         Stopping Network Manager...
         Stopping Network Name Resolution...
[[0;32m  OK  [0m] Stopped WPA supplicant.
[[0;32m  OK  [0m] Stopped Network Name Resolution.
[[0;32m  OK  [0m] Stopped Network Manager.
         Stopping D-Bus System Message Bus...
[[0;32m  OK  [0m] Stopped D-Bus System Message Bus.
[[0;32m  OK  [0m] Stopped target Basic System.
[[0;32m  OK  [0m] Stopped target Slices.
[[0;32m  OK  [0m] Removed slice User and Session Slice.
[[0;32m  OK  [0m] Stopped target Paths.
[[0;32m  OK  [0m] Stopped CUPS Scheduler.
[[0;32m  OK  [0m] Stopped ACPI Events Check.
[[0;32m  OK  [0m] Stopped target Sockets.
[[0;32m  OK  [0m] Closed ACPID Listen Socket.
[[0;32m  OK  [0m] Closed UUID daemon activation socket.
[[0;32m  OK  [0m] Closed Socket activation for snappy daemon.
[[0;32m  OK  [0m] Closed Avahi mDNS/DNS-SD Stack Activation Socket.
[[0;32m  OK  [0m] Closed Syslog Socket.
[[0;32m  OK  [0m] Closed LXD - unix socket.
[[0;32m  OK  [0m] Closed CUPS Scheduler.
[[0;32m  OK  [0m] Closed D-Bus System Message Bus Socket.
[[0;32m  OK  [0m] Stopped target System Initialization.
[[0;32m  OK  [0m] Stopped Initial cloud-init job (metadata service crawler).
[[0;32m  OK  [0m] Stopped Wait for Network to be Configured.
         Stopping Network Service...
[[0;32m  OK  [0m] Stopped target Local Encrypted Volumes.
[[0;32m  OK  [0m] Stopped Dispatch Password Requests to Console Directory Watch.
[[0;32m  OK  [0m] Stopped Forward Password Requests to Wall Directory Watch.
         Stopping Update UTMP about System Boot/Shutdown...
         Stopping Load/Save Random Seed...
[[0;32m  OK  [0m] Stopped Network Service.
[[0;32m  OK  [0m] Stopped Load/Save Random Seed.
[[0;32m  OK  [0m] Stopped Update UTMP about System Boot/Shutdown.
[[0;32m  OK  [0m] Stopped Create Volatile Files and Directories.
[[0;32m  OK  [0m] Stopped target Local File Systems.
         Unmounting /run/user/1000...
[[0;32m  OK  [0m] Stopped target Network (Pre).
[[0;32m  OK  [0m] Stopped Initial cloud-init job (pre-networking).
[[0;32m  OK  [0m] Stopped Apply Kernel Variables.
[[0;32m  OK  [0m] Stopped Load Kernel Modules.
[[0;32m  OK  [0m] Unmounted /run/user/1000.
[[0;32m  OK  [0m] Reached target Unmount All Filesystems.
[[0;32m  OK  [0m] Stopped target Local File Systems (Pre).
[[0;32m  OK  [0m] Stopped Create Static Device Nodes in /dev.
[[0;32m  OK  [0m] Stopped Remount Root and Kernel File Systems.
         Stopping Monitoring of LVM2 mirrors…ng dmeventd or progress polling...
[[0;32m  OK  [0m] Stopped target Swap.
[[0;32m  OK  [0m] Reached target Shutdown.
[[0;32m  OK  [0m] Reached target Final Step.
         Starting Power-Off...
[[0;32m  OK  [0m] Stopped Monitoring of LVM2 mirrors,…sing dmeventd or progress polling.
         Stopping LVM2 metadata daemon...
[[0;32m  OK  [0m] Stopped LVM2 metadata daemon.
[  951.668402] reboot: Power down
